Log file open, 11/08/19 09:52:50
LogWindows: Failed to load 'aqProf.dll' (GetLastError=126)
LogWindows: File 'aqProf.dll' does not exist
LogWindows: Failed to load 'VtuneApi.dll' (GetLastError=126)
LogWindows: File 'VtuneApi.dll' does not exist
LogWindows: Failed to load 'VtuneApi32e.dll' (GetLastError=126)
LogWindows: File 'VtuneApi32e.dll' does not exist
LogConsoleResponse: Display: Failed to find resolution value strings in scalability ini. Falling back to default.
LogInit: Display: Running engine for game: FPS_OwLike
LogPlatformFile: Not using cached read wrapper
LogTaskGraph: Started task graph with 5 named threads and 23 total threads with 3 sets of task threads.
LogStats: Stats thread started at 0.091113
LogD3D11RHI: Loaded GFSDK_Aftermath_Lib.x64.dll
LogICUInternationalization: ICU TimeZone Detection - Raw Offset: +1:00, Platform Override: ''
LogPluginManager: Mounting plugin Paper2D
LogPluginManager: Mounting plugin AISupport
LogPluginManager: Mounting plugin LightPropagationVolume
LogPluginManager: Mounting plugin ActorLayerUtilities
LogPluginManager: Mounting plugin AnimationSharing
LogPluginManager: Mounting plugin CLionSourceCodeAccess
LogPluginManager: Mounting plugin CodeLiteSourceCodeAccess
LogPluginManager: Mounting plugin GitSourceControl
LogPluginManager: Mounting plugin KDevelopSourceCodeAccess
LogPluginManager: Mounting plugin NullSourceCodeAccess
LogPluginManager: Mounting plugin PerforceSourceControl
LogPluginManager: Mounting plugin SubversionSourceControl
LogPluginManager: Mounting plugin UObjectPlugin
LogPluginManager: Mounting plugin VisualStudioCodeSourceCodeAccess
LogPluginManager: Mounting plugin VisualStudioSourceCodeAccess
LogPluginManager: Mounting plugin XCodeSourceCodeAccess
LogPluginManager: Mounting plugin AssetManagerEditor
LogPluginManager: Mounting plugin CryptoKeys
LogPluginManager: Mounting plugin CurveEditorTools
LogPluginManager: Mounting plugin DataValidation
LogPluginManager: Mounting plugin EditorScriptingUtilities
LogPluginManager: Mounting plugin FacialAnimation
LogPluginManager: Mounting plugin GameplayTagsEditor
LogPluginManager: Mounting plugin GLTFImporter
LogPluginManager: Mounting plugin MacGraphicsSwitching
LogPluginManager: Mounting plugin MaterialAnalyzer
LogPluginManager: Mounting plugin MeshEditor
LogPluginManager: Mounting plugin MobileLauncherProfileWizard
LogPluginManager: Mounting plugin PluginBrowser
LogPluginManager: Mounting plugin SpeedTreeImporter
LogPluginManager: Mounting plugin DatasmithContent
LogPluginManager: Mounting plugin VariantManagerContent
LogPluginManager: Mounting plugin AlembicImporter
LogPluginManager: Mounting plugin AutomationUtils
LogPluginManager: Mounting plugin BackChannel
LogPluginManager: Mounting plugin BlastPlugin
LogPluginManager: Mounting plugin ChaosSolverPlugin
LogPluginManager: Mounting plugin CharacterAI
LogPluginManager: Mounting plugin DataPrepEditor
LogPluginManager: Mounting plugin GeometryCache
LogPluginManager: Mounting plugin GeometryCollectionPlugin
LogPluginManager: Mounting plugin HTML5Networking
LogPluginManager: Mounting plugin PlatformCrypto
LogPluginManager: Mounting plugin ProxyLODPlugin
LogPluginManager: Mounting plugin SkeletalReduction
LogPluginManager: Mounting plugin MagicLeap
LogPluginManager: Mounting plugin MagicLeapMedia
LogPluginManager: Mounting plugin AndroidMedia
LogPluginManager: Mounting plugin AvfMedia
LogPluginManager: Mounting plugin ImgMedia
LogPluginManager: Mounting plugin MediaCompositing
LogPluginManager: Mounting plugin MediaPlayerEditor
LogPluginManager: Mounting plugin WebMMedia
LogPluginManager: Mounting plugin WmfMedia
LogPluginManager: Mounting plugin TcpMessaging
LogPluginManager: Mounting plugin UdpMessaging
LogPluginManager: Mounting plugin ActorSequence
LogPluginManager: Mounting plugin LevelSequenceEditor
LogPluginManager: Mounting plugin MatineeToLevelSequence
LogPluginManager: Mounting plugin NetcodeUnitTest
LogPluginManager: Mounting plugin NUTUnrealEngine4
LogPluginManager: Mounting plugin OnlineSubsystemGooglePlay
LogPluginManager: Mounting plugin OnlineSubsystemIOS
LogPluginManager: Mounting plugin OnlineSubsystem
LogPluginManager: Mounting plugin OnlineSubsystemNull
LogPluginManager: Mounting plugin OnlineSubsystemUtils
LogPluginManager: Mounting plugin LauncherChunkInstaller
LogPluginManager: Mounting plugin AndroidDeviceProfileSelector
LogPluginManager: Mounting plugin AndroidMoviePlayer
LogPluginManager: Mounting plugin AndroidPermission
LogPluginManager: Mounting plugin AppleImageUtils
LogPluginManager: Mounting plugin AppleMoviePlayer
LogPluginManager: Mounting plugin ArchVisCharacter
LogPluginManager: Mounting plugin AudioCapture
LogPluginManager: Mounting plugin CableComponent
LogPluginManager: Mounting plugin CustomMeshComponent
LogPluginManager: Mounting plugin EditableMesh
LogPluginManager: Mounting plugin ExampleDeviceProfileSelector
LogPluginManager: Mounting plugin GoogleCloudMessaging
LogPluginManager: Mounting plugin HoudiniEngine
LogPluginManager: Mounting plugin IOSDeviceProfileSelector
LogPluginManager: Mounting plugin LinuxDeviceProfileSelector
LogPluginManager: Mounting plugin LocationServicesBPLibrary
LogPluginManager: Mounting plugin MobilePatchingUtils
LogPluginManager: Mounting plugin OculusVR
LogPluginManager: Mounting plugin PhysXVehicles
LogPluginManager: Mounting plugin ProceduralMeshComponent
LogPluginManager: Mounting plugin RuntimePhysXCooking
LogPluginManager: Mounting plugin SignificanceManager
LogPluginManager: Mounting plugin SteamVR
LogPluginManager: Mounting plugin WebMMoviePlayer
LogPluginManager: Mounting plugin WindowsMoviePlayer
LogPluginManager: Mounting plugin ScreenshotTools
LogPluginManager: Mounting plugin DatasmithC4DImporter
LogPluginManager: Mounting plugin DatasmithCADImporter
LogPluginManager: Mounting plugin DatasmithFBXImporter
LogPluginManager: Mounting plugin DatasmithGLTFImporter
LogPluginManager: Mounting plugin DatasmithIFCImporter
LogPluginManager: Mounting plugin DatasmithImporter
LogPluginManager: Mounting plugin MDLImporter
LogPluginManager: Mounting plugin StaticMeshEditorExtension
LogPluginManager: Mounting plugin VariantManager
LogInit: Using libcurl 7.55.1-DEV
LogInit:  - built for x86_64-pc-win32
LogInit:  - supports SSL with OpenSSL/1.1.1
LogInit:  - supports HTTP deflate (compression) using libz 1.2.8
LogInit:  - other features:
LogInit:      CURL_VERSION_SSL
LogInit:      CURL_VERSION_LIBZ
LogInit:      CURL_VERSION_IPV6
LogInit:      CURL_VERSION_ASYNCHDNS
LogInit:      CURL_VERSION_LARGEFILE
LogInit:      CURL_VERSION_IDN
LogInit:  CurlRequestOptions (configurable via config and command line):
LogInit:  - bVerifyPeer = true  - Libcurl will verify peer certificate
LogInit:  - bUseHttpProxy = false  - Libcurl will NOT use HTTP proxy
LogInit:  - bDontReuseConnections = false  - Libcurl will reuse connections
LogInit:  - MaxHostConnections = 16  - Libcurl will limit the number of connections to a host
LogInit:  - LocalHostAddr = Default
LogInit:  - BufferSize = 65536
LogOnline: OSS: Creating online subsystem instance for: NULL
LogInit: WinSock: version 1.1 (2.2), MaxSocks=32767, MaxUdp=65467
LogInit: Build: ++UE4+Release-4.23-CL-9631420
LogInit: Engine Version: 4.23.1-9631420+++UE4+Release-4.23
LogInit: Compatible Engine Version: 4.23.0-8386587+++UE4+Release-4.23
LogInit: Net CL: 8386587
LogInit: OS: Windows 10 (Release 1903) (), CPU: Intel(R) Xeon(R) CPU E5-1620 v4 @ 3.50GHz, GPU: NVIDIA GeForce GTX 1080
LogInit: Compiled (64-bit): Oct 18 2019 02:07:44
LogInit: Compiled with Visual C++: 19.16.27030.01
LogInit: Build Configuration: Development
LogInit: Branch Name: ++UE4+Release-4.23
LogInit: Command Line: 
LogInit: Base Directory: C:/UE4/UnrealEngine/UE_4.23/Engine/Binaries/Win64/
LogInit: Installed Engine Build: 1
LogDevObjectVersion: Number of dev versions registered: 23
LogDevObjectVersion:   Dev-Blueprints (B0D832E4-1F89-4F0D-ACCF-7EB736FD4AA2): 10
LogDevObjectVersion:   Dev-Build (E1C64328-A22C-4D53-A36C-8E866417BD8C): 0
LogDevObjectVersion:   Dev-Core (375EC13C-06E4-48FB-B500-84F0262A717E): 3
LogDevObjectVersion:   Dev-Editor (E4B068ED-F494-42E9-A231-DA0B2E46BB41): 34
LogDevObjectVersion:   Dev-Framework (CFFC743F-43B0-4480-9391-14DF171D2073): 35
LogDevObjectVersion:   Dev-Mobile (B02B49B5-BB20-44E9-A304-32B752E40360): 2
LogDevObjectVersion:   Dev-Networking (A4E4105C-59A1-49B5-A7C5-40C4547EDFEE): 0
LogDevObjectVersion:   Dev-Online (39C831C9-5AE6-47DC-9A44-9C173E1C8E7C): 0
LogDevObjectVersion:   Dev-Physics (78F01B33-EBEA-4F98-B9B4-84EACCB95AA2): 0
LogDevObjectVersion:   Dev-Platform (6631380F-2D4D-43E0-8009-CF276956A95A): 0
LogDevObjectVersion:   Dev-Rendering (12F88B9F-8875-4AFC-A67C-D90C383ABD29): 31
LogDevObjectVersion:   Dev-Sequencer (7B5AE74C-D270-4C10-A958-57980B212A5A): 11
LogDevObjectVersion:   Dev-VR (D7296918-1DD6-4BDD-9DE2-64A83CC13884): 2
LogDevObjectVersion:   Dev-LoadTimes (C2A15278-BFE7-4AFE-6C17-90FF531DF755): 1
LogDevObjectVersion:   Private-Geometry (6EACA3D4-40EC-4CC1-B786-8BED09428FC5): 3
LogDevObjectVersion:   Dev-AnimPhys (29E575DD-E0A3-4627-9D10-D276232CDCEA): 17
LogDevObjectVersion:   Dev-Anim (AF43A65D-7FD3-4947-9873-3E8ED9C1BB05): 2
LogDevObjectVersion:   Dev-ReflectionCapture (6B266CEC-1EC7-4B8F-A30B-E4D90942FC07): 1
LogDevObjectVersion:   Dev-Automation (0DF73D61-A23F-47EA-B727-89E90C41499A): 1
LogDevObjectVersion:   FortniteMain (601D1886-AC64-4F84-AA16-D3DE0DEAC7D6): 27
LogDevObjectVersion:   Dev-Enterprise (9DFFBCD6-494F-0158-E221-12823C92A888): 6
LogDevObjectVersion:   Dev-Niagara (F2AED0AC-9AFE-416F-8664-AA7FFA26D6FC): 1
LogDevObjectVersion:   Dev-Destruction (174F1F0B-B4C6-45A5-B13F-2EE8D0FB917D): 9
LogInit: Presizing for max 16777216 objects, including 0 objects not considered by GC, pre-allocating 0 bytes for permanent pool.
LogInit: Object subsystem initialized
LogConfig: Setting CVar [[con.DebugEarlyDefault:1]]
LogConfig: Setting CVar [[r.setres:1280x720]]
[2019.11.08-08.52.50:587][  0]LogConfig: Setting CVar [[r.VSync:0]]
[2019.11.08-08.52.50:587][  0]LogConfig: Setting CVar [[r.RHICmdBypass:0]]
[2019.11.08-08.52.50:587][  0]LogConfig: Applying CVar settings from Section [/Script/Engine.RendererSettings] File [D:/Unreal Project/FPSProject/Saved/Config/Windows/Engine.ini]
[2019.11.08-08.52.50:587][  0]LogConfig: Setting CVar [[r.GPUCrashDebugging:0]]
[2019.11.08-08.52.50:587][  0]LogConfig: Setting CVar [[r.DefaultFeature.AutoExposure.ExtendDefaultLuminanceRange:1]]
[2019.11.08-08.52.50:587][  0]LogConfig: Applying CVar settings from Section [/Script/Engine.RendererOverrideSettings] File [D:/Unreal Project/FPSProject/Saved/Config/Windows/Engine.ini]
[2019.11.08-08.52.50:587][  0]LogConfig: Applying CVar settings from Section [/Script/Engine.StreamingSettings] File [D:/Unreal Project/FPSProject/Saved/Config/Windows/Engine.ini]
[2019.11.08-08.52.50:587][  0]LogConfig: Setting CVar [[s.MinBulkDataSizeForAsyncLoading:131072]]
[2019.11.08-08.52.50:587][  0]LogConfig: Setting CVar [[s.AsyncLoadingThreadEnabled:0]]
[2019.11.08-08.52.50:587][  0]LogConfig: Setting CVar [[s.EventDrivenLoaderEnabled:1]]
[2019.11.08-08.52.50:587][  0]LogConfig: Setting CVar [[s.WarnIfTimeLimitExceeded:0]]
[2019.11.08-08.52.50:587][  0]LogConfig: Setting CVar [[s.TimeLimitExceededMultiplier:1.5]]
[2019.11.08-08.52.50:587][  0]LogConfig: Setting CVar [[s.TimeLimitExceededMinTime:0.005]]
[2019.11.08-08.52.50:587][  0]LogConfig: Setting CVar [[s.UseBackgroundLevelStreaming:1]]
[2019.11.08-08.52.50:587][  0]LogConfig: Setting CVar [[s.PriorityAsyncLoadingExtraTime:15.0]]
[2019.11.08-08.52.50:587][  0]LogConfig: Setting CVar [[s.LevelStreamingActorsUpdateTimeLimit:5.0]]
[2019.11.08-08.52.50:587][  0]LogConfig: Setting CVar [[s.PriorityLevelStreamingActorsUpdateExtraTime:5.0]]
[2019.11.08-08.52.50:587][  0]LogConfig: Setting CVar [[s.LevelStreamingComponentsRegistrationGranularity:10]]
[2019.11.08-08.52.50:587][  0]LogConfig: Setting CVar [[s.UnregisterComponentsTimeLimit:1.0]]
[2019.11.08-08.52.50:587][  0]LogConfig: Setting CVar [[s.LevelStreamingComponentsUnregistrationGranularity:5]]
[2019.11.08-08.52.50:587][  0]LogConfig: Applying CVar settings from Section [/Script/Engine.GarbageCollectionSettings] File [D:/Unreal Project/FPSProject/Saved/Config/Windows/Engine.ini]
[2019.11.08-08.52.50:587][  0]LogConfig: Setting CVar [[gc.MaxObjectsNotConsideredByGC:1]]
[2019.11.08-08.52.50:587][  0]LogConfig: Setting CVar [[gc.SizeOfPermanentObjectPool:0]]
[2019.11.08-08.52.50:587][  0]LogConfig: Setting CVar [[gc.FlushStreamingOnGC:0]]
[2019.11.08-08.52.50:587][  0]LogConfig: Setting CVar [[gc.NumRetriesBeforeForcingGC:10]]
[2019.11.08-08.52.50:587][  0]LogConfig: Setting CVar [[gc.AllowParallelGC:1]]
[2019.11.08-08.52.50:587][  0]LogConfig: Setting CVar [[gc.TimeBetweenPurgingPendingKillObjects:61.1]]
[2019.11.08-08.52.50:587][  0]LogConfig: Setting CVar [[gc.MaxObjectsInEditor:16777216]]
[2019.11.08-08.52.50:587][  0]LogConfig: Setting CVar [[gc.IncrementalBeginDestroyEnabled:1]]
[2019.11.08-08.52.50:587][  0]LogConfig: Setting CVar [[gc.CreateGCClusters:1]]
[2019.11.08-08.52.50:587][  0]LogConfig: Setting CVar [[gc.MinGCClusterSize:5]]
[2019.11.08-08.52.50:587][  0]LogConfig: Setting CVar [[gc.ActorClusteringEnabled:0]]
[2019.11.08-08.52.50:587][  0]LogConfig: Setting CVar [[gc.BlueprintClusteringEnabled:0]]
[2019.11.08-08.52.50:587][  0]LogConfig: Setting CVar [[gc.UseDisregardForGCOnDedicatedServers:0]]
[2019.11.08-08.52.50:587][  0]LogConfig: Applying CVar settings from Section [/Script/Engine.NetworkSettings] File [D:/Unreal Project/FPSProject/Saved/Config/Windows/Engine.ini]
[2019.11.08-08.52.50:587][  0]LogConfig: Applying CVar settings from Section [/Script/UnrealEd.CookerSettings] File [D:/Unreal Project/FPSProject/Saved/Config/Windows/Engine.ini]
[2019.11.08-08.52.50:593][  0]LogConfig: Applying CVar settings from Section [ViewDistanceQuality@3] File [D:/Unreal Project/FPSProject/Saved/Config/Windows/Scalability.ini]
[2019.11.08-08.52.50:593][  0]LogConfig: Setting CVar [[r.SkeletalMeshLODBias:0]]
[2019.11.08-08.52.50:593][  0]LogConfig: Setting CVar [[r.ViewDistanceScale:1.0]]
[2019.11.08-08.52.50:593][  0]LogConfig: Applying CVar settings from Section [AntiAliasingQuality@3] File [D:/Unreal Project/FPSProject/Saved/Config/Windows/Scalability.ini]
[2019.11.08-08.52.50:593][  0]LogConfig: Setting CVar [[r.PostProcessAAQuality:4]]
[2019.11.08-08.52.50:593][  0]LogConfig: Applying CVar settings from Section [ShadowQuality@3] File [D:/Unreal Project/FPSProject/Saved/Config/Windows/Scalability.ini]
[2019.11.08-08.52.50:593][  0]LogConfig: Setting CVar [[r.LightFunctionQuality:1]]
[2019.11.08-08.52.50:593][  0]LogConfig: Setting CVar [[r.ShadowQuality:5]]
[2019.11.08-08.52.50:593][  0]LogConfig: Setting CVar [[r.Shadow.CSM.MaxCascades:10]]
[2019.11.08-08.52.50:593][  0]LogConfig: Setting CVar [[r.Shadow.MaxResolution:2048]]
[2019.11.08-08.52.50:593][  0]LogConfig: Setting CVar [[r.Shadow.MaxCSMResolution:2048]]
[2019.11.08-08.52.50:593][  0]LogConfig: Setting CVar [[r.Shadow.RadiusThreshold:0.01]]
[2019.11.08-08.52.50:593][  0]LogConfig: Setting CVar [[r.Shadow.DistanceScale:1.0]]
[2019.11.08-08.52.50:593][  0]LogConfig: Setting CVar [[r.Shadow.CSM.TransitionScale:1.0]]
[2019.11.08-08.52.50:593][  0]LogConfig: Setting CVar [[r.Shadow.PreShadowResolutionFactor:1.0]]
[2019.11.08-08.52.50:593][  0]LogConfig: Setting CVar [[r.DistanceFieldShadowing:1]]
[2019.11.08-08.52.50:593][  0]LogConfig: Setting CVar [[r.DistanceFieldAO:1]]
[2019.11.08-08.52.50:593][  0]LogConfig: Setting CVar [[r.AOQuality:2]]
[2019.11.08-08.52.50:593][  0]LogConfig: Setting CVar [[r.VolumetricFog:1]]
[2019.11.08-08.52.50:593][  0]LogConfig: Setting CVar [[r.VolumetricFog.GridPixelSize:8]]
[2019.11.08-08.52.50:593][  0]LogConfig: Setting CVar [[r.VolumetricFog.GridSizeZ:128]]
[2019.11.08-08.52.50:593][  0]LogConfig: Setting CVar [[r.VolumetricFog.HistoryMissSupersampleCount:4]]
[2019.11.08-08.52.50:593][  0]LogConfig: Setting CVar [[r.LightMaxDrawDistanceScale:1]]
[2019.11.08-08.52.50:593][  0]LogConfig: Setting CVar [[r.CapsuleShadows:1]]
[2019.11.08-08.52.50:593][  0]LogConfig: Applying CVar settings from Section [PostProcessQuality@3] File [D:/Unreal Project/FPSProject/Saved/Config/Windows/Scalability.ini]
[2019.11.08-08.52.50:593][  0]LogConfig: Setting CVar [[r.MotionBlurQuality:4]]
[2019.11.08-08.52.50:593][  0]LogConfig: Setting CVar [[r.AmbientOcclusionMipLevelFactor:0.4]]
[2019.11.08-08.52.50:593][  0]LogConfig: Setting CVar [[r.AmbientOcclusionMaxQuality:100]]
[2019.11.08-08.52.50:593][  0]LogConfig: Setting CVar [[r.AmbientOcclusionLevels:-1]]
[2019.11.08-08.52.50:593][  0]LogConfig: Setting CVar [[r.AmbientOcclusionRadiusScale:1.0]]
[2019.11.08-08.52.50:593][  0]LogConfig: Setting CVar [[r.DepthOfFieldQuality:2]]
[2019.11.08-08.52.50:593][  0]LogConfig: Setting CVar [[r.RenderTargetPoolMin:400]]
[2019.11.08-08.52.50:593][  0]LogConfig: Setting CVar [[r.LensFlareQuality:2]]
[2019.11.08-08.52.50:593][  0]LogConfig: Setting CVar [[r.SceneColorFringeQuality:1]]
[2019.11.08-08.52.50:593][  0]LogConfig: Setting CVar [[r.EyeAdaptationQuality:2]]
[2019.11.08-08.52.50:593][  0]LogConfig: Setting CVar [[r.BloomQuality:5]]
[2019.11.08-08.52.50:593][  0]LogConfig: Setting CVar [[r.FastBlurThreshold:100]]
[2019.11.08-08.52.50:593][  0]LogConfig: Setting CVar [[r.Upscale.Quality:3]]
[2019.11.08-08.52.50:593][  0]LogConfig: Setting CVar [[r.Tonemapper.GrainQuantization:1]]
[2019.11.08-08.52.50:593][  0]LogConfig: Setting CVar [[r.LightShaftQuality:1]]
[2019.11.08-08.52.50:593][  0]LogConfig: Setting CVar [[r.Filter.SizeScale:1]]
[2019.11.08-08.52.50:593][  0]LogConfig: Setting CVar [[r.Tonemapper.Quality:5]]
[2019.11.08-08.52.50:593][  0]LogConfig: Setting CVar [[r.DOF.Gather.AccumulatorQuality:1        ; higher gathering accumulator quality]]
[2019.11.08-08.52.50:593][  0]LogConfig: Setting CVar [[r.DOF.Gather.PostfilterMethod:1          ; Median3x3 postfilering method]]
[2019.11.08-08.52.50:593][  0]LogConfig: Setting CVar [[r.DOF.Gather.EnableBokehSettings:0       ; no bokeh simulation when gathering]]
[2019.11.08-08.52.50:593][  0]LogConfig: Setting CVar [[r.DOF.Gather.RingCount:4                 ; medium number of samples when gathering]]
[2019.11.08-08.52.50:593][  0]LogConfig: Setting CVar [[r.DOF.Scatter.ForegroundCompositing:1    ; additive foreground scattering]]
[2019.11.08-08.52.50:593][  0]LogConfig: Setting CVar [[r.DOF.Scatter.BackgroundCompositing:2    ; additive background scattering]]
[2019.11.08-08.52.50:593][  0]LogConfig: Setting CVar [[r.DOF.Scatter.EnableBokehSettings:1      ; bokeh simulation when scattering]]
[2019.11.08-08.52.50:593][  0]LogConfig: Setting CVar [[r.DOF.Scatter.MaxSpriteRatio:0.1         ; only a maximum of 10% of scattered bokeh]]
[2019.11.08-08.52.50:593][  0]LogConfig: Setting CVar [[r.DOF.Recombine.Quality:1                ; cheap slight out of focus]]
[2019.11.08-08.52.50:593][  0]LogConfig: Setting CVar [[r.DOF.Recombine.EnableBokehSettings:0    ; no bokeh simulation on slight out of focus]]
[2019.11.08-08.52.50:593][  0]LogConfig: Setting CVar [[r.DOF.TemporalAAQuality:1                ; more stable temporal accumulation]]
[2019.11.08-08.52.50:593][  0]LogConfig: Setting CVar [[r.DOF.Kernel.MaxForegroundRadius:0.025]]
[2019.11.08-08.52.50:593][  0]LogConfig: Setting CVar [[r.DOF.Kernel.MaxBackgroundRadius:0.025]]
[2019.11.08-08.52.50:593][  0]LogConfig: Applying CVar settings from Section [TextureQuality@3] File [D:/Unreal Project/FPSProject/Saved/Config/Windows/Scalability.ini]
[2019.11.08-08.52.50:593][  0]LogConfig: Setting CVar [[r.Streaming.MipBias:0]]
[2019.11.08-08.52.50:593][  0]LogConfig: Setting CVar [[r.Streaming.AmortizeCPUToGPUCopy:0]]
[2019.11.08-08.52.50:593][  0]LogConfig: Setting CVar [[r.Streaming.MaxNumTexturesToStreamPerFrame:0]]
[2019.11.08-08.52.50:593][  0]LogConfig: Setting CVar [[r.Streaming.Boost:1]]
[2019.11.08-08.52.50:593][  0]LogConfig: Setting CVar [[r.MaxAnisotropy:8]]
[2019.11.08-08.52.50:593][  0]LogConfig: Setting CVar [[r.Streaming.LimitPoolSizeToVRAM:0]]
[2019.11.08-08.52.50:593][  0]LogConfig: Setting CVar [[r.Streaming.PoolSize:1000]]
[2019.11.08-08.52.50:593][  0]LogConfig: Setting CVar [[r.Streaming.MaxEffectiveScreenSize:0]]
[2019.11.08-08.52.50:593][  0]LogConfig: Applying CVar settings from Section [EffectsQuality@3] File [D:/Unreal Project/FPSProject/Saved/Config/Windows/Scalability.ini]
[2019.11.08-08.52.50:593][  0]LogConfig: Setting CVar [[r.TranslucencyLightingVolumeDim:64]]
[2019.11.08-08.52.50:593][  0]LogConfig: Setting CVar [[r.RefractionQuality:2]]
[2019.11.08-08.52.50:594][  0]LogConfig: Setting CVar [[r.SSR.Quality:3]]
[2019.11.08-08.52.50:594][  0]LogConfig: Setting CVar [[r.SceneColorFormat:4]]
[2019.11.08-08.52.50:594][  0]LogConfig: Setting CVar [[r.DetailMode:2]]
[2019.11.08-08.52.50:594][  0]LogConfig: Setting CVar [[r.TranslucencyVolumeBlur:1]]
[2019.11.08-08.52.50:594][  0]LogConfig: Setting CVar [[r.MaterialQualityLevel:1 ; High quality]]
[2019.11.08-08.52.50:594][  0]LogConfig: Setting CVar [[r.SSS.Scale:1]]
[2019.11.08-08.52.50:594][  0]LogConfig: Setting CVar [[r.SSS.SampleSet:2]]
[2019.11.08-08.52.50:594][  0]LogConfig: Setting CVar [[r.SSS.Quality:1]]
[2019.11.08-08.52.50:594][  0]LogConfig: Setting CVar [[r.SSS.HalfRes:1]]
[2019.11.08-08.52.50:594][  0]LogConfig: Setting CVar [[r.EmitterSpawnRateScale:1.0]]
[2019.11.08-08.52.50:594][  0]LogConfig: Setting CVar [[r.ParticleLightQuality:2]]
[2019.11.08-08.52.50:594][  0]LogConfig: Applying CVar settings from Section [FoliageQuality@3] File [D:/Unreal Project/FPSProject/Saved/Config/Windows/Scalability.ini]
[2019.11.08-08.52.50:594][  0]LogConfig: Setting CVar [[foliage.DensityScale:1.0]]
[2019.11.08-08.52.50:594][  0]LogConfig: Setting CVar [[grass.DensityScale:1.0]]
[2019.11.08-08.52.50:594][  0]LogInit: Selected Device Profile: [Windows]
[2019.11.08-08.52.50:594][  0]LogInit: Applying CVar settings loaded from the selected device profile: [Windows]
[2019.11.08-08.52.50:596][  0]LogHAL: Display: Platform has ~ 32 GB [34271952896 / 34359738368 / 32], which maps to Largest [LargestMinGB=32, LargerMinGB=12, DefaultMinGB=8, SmallerMinGB=6, SmallestMinGB=0)
[2019.11.08-08.52.50:596][  0]LogInit: Going up to parent DeviceProfile []
[2019.11.08-08.52.50:596][  0]LogConfig: Applying CVar settings from Section [ViewDistanceQuality@3] File [D:/Unreal Project/FPSProject/Saved/Config/Windows/Scalability.ini]
[2019.11.08-08.52.50:596][  0]LogConfig: Setting CVar [[r.SkeletalMeshLODBias:0]]
[2019.11.08-08.52.50:596][  0]LogConfig: Setting CVar [[r.ViewDistanceScale:1.0]]
[2019.11.08-08.52.50:596][  0]LogConfig: Applying CVar settings from Section [AntiAliasingQuality@3] File [D:/Unreal Project/FPSProject/Saved/Config/Windows/Scalability.ini]
[2019.11.08-08.52.50:596][  0]LogConfig: Setting CVar [[r.PostProcessAAQuality:4]]
[2019.11.08-08.52.50:596][  0]LogConfig: Applying CVar settings from Section [ShadowQuality@3] File [D:/Unreal Project/FPSProject/Saved/Config/Windows/Scalability.ini]
[2019.11.08-08.52.50:596][  0]LogConfig: Setting CVar [[r.LightFunctionQuality:1]]
[2019.11.08-08.52.50:596][  0]LogConfig: Setting CVar [[r.ShadowQuality:5]]
[2019.11.08-08.52.50:596][  0]LogConfig: Setting CVar [[r.Shadow.CSM.MaxCascades:10]]
[2019.11.08-08.52.50:596][  0]LogConfig: Setting CVar [[r.Shadow.MaxResolution:2048]]
[2019.11.08-08.52.50:596][  0]LogConfig: Setting CVar [[r.Shadow.MaxCSMResolution:2048]]
[2019.11.08-08.52.50:596][  0]LogConfig: Setting CVar [[r.Shadow.RadiusThreshold:0.01]]
[2019.11.08-08.52.50:596][  0]LogConfig: Setting CVar [[r.Shadow.DistanceScale:1.0]]
[2019.11.08-08.52.50:596][  0]LogConfig: Setting CVar [[r.Shadow.CSM.TransitionScale:1.0]]
[2019.11.08-08.52.50:596][  0]LogConfig: Setting CVar [[r.Shadow.PreShadowResolutionFactor:1.0]]
[2019.11.08-08.52.50:596][  0]LogConfig: Setting CVar [[r.DistanceFieldShadowing:1]]
[2019.11.08-08.52.50:596][  0]LogConfig: Setting CVar [[r.DistanceFieldAO:1]]
[2019.11.08-08.52.50:596][  0]LogConfig: Setting CVar [[r.AOQuality:2]]
[2019.11.08-08.52.50:596][  0]LogConfig: Setting CVar [[r.VolumetricFog:1]]
[2019.11.08-08.52.50:596][  0]LogConfig: Setting CVar [[r.VolumetricFog.GridPixelSize:8]]
[2019.11.08-08.52.50:596][  0]LogConfig: Setting CVar [[r.VolumetricFog.GridSizeZ:128]]
[2019.11.08-08.52.50:596][  0]LogConfig: Setting CVar [[r.VolumetricFog.HistoryMissSupersampleCount:4]]
[2019.11.08-08.52.50:596][  0]LogConfig: Setting CVar [[r.LightMaxDrawDistanceScale:1]]
[2019.11.08-08.52.50:596][  0]LogConfig: Setting CVar [[r.CapsuleShadows:1]]
[2019.11.08-08.52.50:596][  0]LogConfig: Applying CVar settings from Section [PostProcessQuality@3] File [D:/Unreal Project/FPSProject/Saved/Config/Windows/Scalability.ini]
[2019.11.08-08.52.50:596][  0]LogConfig: Setting CVar [[r.MotionBlurQuality:4]]
[2019.11.08-08.52.50:596][  0]LogConfig: Setting CVar [[r.AmbientOcclusionMipLevelFactor:0.4]]
[2019.11.08-08.52.50:596][  0]LogConfig: Setting CVar [[r.AmbientOcclusionMaxQuality:100]]
[2019.11.08-08.52.50:597][  0]LogConfig: Setting CVar [[r.AmbientOcclusionLevels:-1]]
[2019.11.08-08.52.50:597][  0]LogConfig: Setting CVar [[r.AmbientOcclusionRadiusScale:1.0]]
[2019.11.08-08.52.50:597][  0]LogConfig: Setting CVar [[r.DepthOfFieldQuality:2]]
[2019.11.08-08.52.50:597][  0]LogConfig: Setting CVar [[r.RenderTargetPoolMin:400]]
[2019.11.08-08.52.50:597][  0]LogConfig: Setting CVar [[r.LensFlareQuality:2]]
[2019.11.08-08.52.50:597][  0]LogConfig: Setting CVar [[r.SceneColorFringeQuality:1]]
[2019.11.08-08.52.50:597][  0]LogConfig: Setting CVar [[r.EyeAdaptationQuality:2]]
[2019.11.08-08.52.50:597][  0]LogConfig: Setting CVar [[r.BloomQuality:5]]
[2019.11.08-08.52.50:597][  0]LogConfig: Setting CVar [[r.FastBlurThreshold:100]]
[2019.11.08-08.52.50:597][  0]LogConfig: Setting CVar [[r.Upscale.Quality:3]]
[2019.11.08-08.52.50:597][  0]LogConfig: Setting CVar [[r.Tonemapper.GrainQuantization:1]]
[2019.11.08-08.52.50:597][  0]LogConfig: Setting CVar [[r.LightShaftQuality:1]]
[2019.11.08-08.52.50:597][  0]LogConfig: Setting CVar [[r.Filter.SizeScale:1]]
[2019.11.08-08.52.50:597][  0]LogConfig: Setting CVar [[r.Tonemapper.Quality:5]]
[2019.11.08-08.52.50:597][  0]LogConfig: Setting CVar [[r.DOF.Gather.AccumulatorQuality:1        ; higher gathering accumulator quality]]
[2019.11.08-08.52.50:597][  0]LogConfig: Setting CVar [[r.DOF.Gather.PostfilterMethod:1          ; Median3x3 postfilering method]]
[2019.11.08-08.52.50:597][  0]LogConfig: Setting CVar [[r.DOF.Gather.EnableBokehSettings:0       ; no bokeh simulation when gathering]]
[2019.11.08-08.52.50:597][  0]LogConfig: Setting CVar [[r.DOF.Gather.RingCount:4                 ; medium number of samples when gathering]]
[2019.11.08-08.52.50:597][  0]LogConfig: Setting CVar [[r.DOF.Scatter.ForegroundCompositing:1    ; additive foreground scattering]]
[2019.11.08-08.52.50:597][  0]LogConfig: Setting CVar [[r.DOF.Scatter.BackgroundCompositing:2    ; additive background scattering]]
[2019.11.08-08.52.50:597][  0]LogConfig: Setting CVar [[r.DOF.Scatter.EnableBokehSettings:1      ; bokeh simulation when scattering]]
[2019.11.08-08.52.50:597][  0]LogConfig: Setting CVar [[r.DOF.Scatter.MaxSpriteRatio:0.1         ; only a maximum of 10% of scattered bokeh]]
[2019.11.08-08.52.50:597][  0]LogConfig: Setting CVar [[r.DOF.Recombine.Quality:1                ; cheap slight out of focus]]
[2019.11.08-08.52.50:597][  0]LogConfig: Setting CVar [[r.DOF.Recombine.EnableBokehSettings:0    ; no bokeh simulation on slight out of focus]]
[2019.11.08-08.52.50:597][  0]LogConfig: Setting CVar [[r.DOF.TemporalAAQuality:1                ; more stable temporal accumulation]]
[2019.11.08-08.52.50:597][  0]LogConfig: Setting CVar [[r.DOF.Kernel.MaxForegroundRadius:0.025]]
[2019.11.08-08.52.50:597][  0]LogConfig: Setting CVar [[r.DOF.Kernel.MaxBackgroundRadius:0.025]]
[2019.11.08-08.52.50:597][  0]LogConfig: Applying CVar settings from Section [TextureQuality@3] File [D:/Unreal Project/FPSProject/Saved/Config/Windows/Scalability.ini]
[2019.11.08-08.52.50:597][  0]LogConfig: Setting CVar [[r.Streaming.MipBias:0]]
[2019.11.08-08.52.50:597][  0]LogConfig: Setting CVar [[r.Streaming.AmortizeCPUToGPUCopy:0]]
[2019.11.08-08.52.50:597][  0]LogConfig: Setting CVar [[r.Streaming.MaxNumTexturesToStreamPerFrame:0]]
[2019.11.08-08.52.50:597][  0]LogConfig: Setting CVar [[r.Streaming.Boost:1]]
[2019.11.08-08.52.50:597][  0]LogConfig: Setting CVar [[r.MaxAnisotropy:8]]
[2019.11.08-08.52.50:597][  0]LogConfig: Setting CVar [[r.Streaming.LimitPoolSizeToVRAM:0]]
[2019.11.08-08.52.50:597][  0]LogConfig: Setting CVar [[r.Streaming.PoolSize:1000]]
[2019.11.08-08.52.50:597][  0]LogConfig: Setting CVar [[r.Streaming.MaxEffectiveScreenSize:0]]
[2019.11.08-08.52.50:597][  0]LogConfig: Applying CVar settings from Section [EffectsQuality@3] File [D:/Unreal Project/FPSProject/Saved/Config/Windows/Scalability.ini]
[2019.11.08-08.52.50:597][  0]LogConfig: Setting CVar [[r.TranslucencyLightingVolumeDim:64]]
[2019.11.08-08.52.50:597][  0]LogConfig: Setting CVar [[r.RefractionQuality:2]]
[2019.11.08-08.52.50:597][  0]LogConfig: Setting CVar [[r.SSR.Quality:3]]
[2019.11.08-08.52.50:597][  0]LogConfig: Setting CVar [[r.SceneColorFormat:4]]
[2019.11.08-08.52.50:597][  0]LogConfig: Setting CVar [[r.DetailMode:2]]
[2019.11.08-08.52.50:597][  0]LogConfig: Setting CVar [[r.TranslucencyVolumeBlur:1]]
[2019.11.08-08.52.50:597][  0]LogConfig: Setting CVar [[r.MaterialQualityLevel:1 ; High quality]]
[2019.11.08-08.52.50:597][  0]LogConfig: Setting CVar [[r.SSS.Scale:1]]
[2019.11.08-08.52.50:597][  0]LogConfig: Setting CVar [[r.SSS.SampleSet:2]]
[2019.11.08-08.52.50:597][  0]LogConfig: Setting CVar [[r.SSS.Quality:1]]
[2019.11.08-08.52.50:597][  0]LogConfig: Setting CVar [[r.SSS.HalfRes:1]]
[2019.11.08-08.52.50:597][  0]LogConfig: Setting CVar [[r.EmitterSpawnRateScale:1.0]]
[2019.11.08-08.52.50:597][  0]LogConfig: Setting CVar [[r.ParticleLightQuality:2]]
[2019.11.08-08.52.50:597][  0]LogConfig: Applying CVar settings from Section [FoliageQuality@3] File [D:/Unreal Project/FPSProject/Saved/Config/Windows/Scalability.ini]
[2019.11.08-08.52.50:597][  0]LogConfig: Setting CVar [[foliage.DensityScale:1.0]]
[2019.11.08-08.52.50:597][  0]LogConfig: Setting CVar [[grass.DensityScale:1.0]]
[2019.11.08-08.52.50:597][  0]LogConfig: Applying CVar settings from Section [Startup] File [../../../Engine/Config/ConsoleVariables.ini]
[2019.11.08-08.52.50:597][  0]LogConfig: Setting CVar [[net.UseAdaptiveNetUpdateFrequency:0]]
[2019.11.08-08.52.50:598][  0]LogConfig: Setting CVar [[p.chaos.AllowCreatePhysxBodies:1]]
[2019.11.08-08.52.50:598][  0]LogConfig: Applying CVar settings from Section [ConsoleVariables] File [D:/Unreal Project/FPSProject/Saved/Config/Windows/Engine.ini]
[2019.11.08-08.52.50:598][  0]LogInit: Computer: K004-0406
[2019.11.08-08.52.50:598][  0]LogInit: User: mdesmarchelier
[2019.11.08-08.52.50:598][  0]LogInit: CPU Page size=4096, Cores=4
[2019.11.08-08.52.50:598][  0]LogInit: High frequency timer resolution =10.000000 MHz
[2019.11.08-08.52.50:598][  0]LogMemory: Memory total: Physical=31.9GB (32GB approx)
[2019.11.08-08.52.50:598][  0]LogMemory: Platform Memory Stats for Windows
[2019.11.08-08.52.50:598][  0]LogMemory: Process Physical Memory: 100.69 MB used, 100.69 MB peak
[2019.11.08-08.52.50:598][  0]LogMemory: Process Virtual Memory: 124.68 MB used, 124.68 MB peak
[2019.11.08-08.52.50:598][  0]LogMemory: Physical Memory: 7868.34 MB used,  24815.95 MB free, 32684.28 MB total
[2019.11.08-08.52.50:598][  0]LogMemory: Virtual Memory: 4692.43 MB used,  134213032.00 MB free, 134217728.00 MB total
[2019.11.08-08.52.50:601][  0]LogWindows: WindowsPlatformFeatures enabled
[2019.11.08-08.52.50:624][  0]LogInit: Using OS detected language (en-US).
[2019.11.08-08.52.50:624][  0]LogInit: Using OS detected locale (fr-FR).
[2019.11.08-08.52.50:624][  0]LogTextLocalizationManager: No specific localization for 'en-US' exists, so the 'en' localization will be used.
[2019.11.08-08.52.50:799][  0]LogInit: Setting process to per monitor DPI aware
[2019.11.08-08.52.50:838][  0]LogSlate: New Slate User Created.  User Index 0, Is Virtual User: 0
[2019.11.08-08.52.50:838][  0]LogSlate: Slate User Registered.  User Index 0, Is Virtual User: 0
[2019.11.08-08.52.51:011][  0]LogHMD: Failed to initialize OpenVR with code 110
[2019.11.08-08.52.51:011][  0]LogD3D11RHI: D3D11 adapters:
[2019.11.08-08.52.51:074][  0]LogD3D11RHI:    0. 'NVIDIA GeForce GTX 1080' (Feature Level 11_0)
[2019.11.08-08.52.51:074][  0]LogD3D11RHI:       8079/0/16342 MB DedicatedVideo/DedicatedSystem/SharedSystem, Outputs:2, VendorId:0x10de
[2019.11.08-08.52.51:076][  0]LogD3D11RHI:    1. 'Microsoft Basic Render Driver' (Feature Level 11_0)
[2019.11.08-08.52.51:076][  0]LogD3D11RHI:       0/0/16342 MB DedicatedVideo/DedicatedSystem/SharedSystem, Outputs:0, VendorId:0x1414
[2019.11.08-08.52.51:076][  0]LogD3D11RHI: Chosen D3D11 Adapter: 0
[2019.11.08-08.52.51:083][  0]LogD3D11RHI: Creating new Direct3DDevice
[2019.11.08-08.52.51:083][  0]LogD3D11RHI:     GPU DeviceId: 0x1b80 (for the marketing name, search the web for "GPU Device Id")
[2019.11.08-08.52.51:083][  0]LogWindows: EnumDisplayDevices:
[2019.11.08-08.52.51:083][  0]LogWindows:    0. 'NVIDIA GeForce GTX 1080' (P:1 D:1)
[2019.11.08-08.52.51:084][  0]LogWindows:    1. 'NVIDIA GeForce GTX 1080' (P:0 D:1)
[2019.11.08-08.52.51:084][  0]LogWindows:    2. 'NVIDIA GeForce GTX 1080' (P:0 D:0)
[2019.11.08-08.52.51:084][  0]LogWindows:    3. 'NVIDIA GeForce GTX 1080' (P:0 D:0)
[2019.11.08-08.52.51:084][  0]LogWindows: DebugString: FoundDriverCount:4 
[2019.11.08-08.52.51:084][  0]LogD3D11RHI:     Adapter Name: NVIDIA GeForce GTX 1080
[2019.11.08-08.52.51:084][  0]LogD3D11RHI:   Driver Version: 419.72 (internal:25.21.14.1972, unified:419.72)
[2019.11.08-08.52.51:084][  0]LogD3D11RHI:      Driver Date: 3-18-2019
[2019.11.08-08.52.51:084][  0]LogRHI: Texture pool is 5655 MB (70% of 8079 MB)
[2019.11.08-08.52.51:126][  0]LogD3D11RHI: Async texture creation enabled
[2019.11.08-08.52.51:138][  0]LogD3D11RHI: GPU Timing Frequency: 1000.000000 (Debug: 2 1)
[2019.11.08-08.52.51:592][  0]LogTemp: Display: Module 'AllDesktopTargetPlatform' loaded TargetPlatform 'AllDesktop'
[2019.11.08-08.52.51:601][  0]LogTemp: Display: Module 'MacClientTargetPlatform' loaded TargetPlatform 'MacClient'
[2019.11.08-08.52.51:609][  0]LogTemp: Display: Module 'MacNoEditorTargetPlatform' loaded TargetPlatform 'MacNoEditor'
[2019.11.08-08.52.51:618][  0]LogTemp: Display: Module 'MacServerTargetPlatform' loaded TargetPlatform 'MacServer'
[2019.11.08-08.52.51:627][  0]LogTemp: Display: Module 'MacTargetPlatform' loaded TargetPlatform 'Mac'
[2019.11.08-08.52.51:635][  0]LogTemp: Display: Module 'WindowsClientTargetPlatform' loaded TargetPlatform 'WindowsClient'
[2019.11.08-08.52.51:644][  0]LogTemp: Display: Module 'WindowsNoEditorTargetPlatform' loaded TargetPlatform 'WindowsNoEditor'
[2019.11.08-08.52.51:652][  0]LogTemp: Display: Module 'WindowsServerTargetPlatform' loaded TargetPlatform 'WindowsServer'
[2019.11.08-08.52.51:657][  0]LogTemp: Display: Module 'WindowsTargetPlatform' loaded TargetPlatform 'Windows'
[2019.11.08-08.52.51:688][  0]LogTemp: Display: Module 'AndroidTargetPlatform' loaded TargetPlatform 'Android'
[2019.11.08-08.52.51:688][  0]LogTemp: Display: Module 'AndroidTargetPlatform' loaded TargetPlatform 'Android_ASTC'
[2019.11.08-08.52.51:688][  0]LogTemp: Display: Module 'AndroidTargetPlatform' loaded TargetPlatform 'Android_ATC'
[2019.11.08-08.52.51:688][  0]LogTemp: Display: Module 'AndroidTargetPlatform' loaded TargetPlatform 'Android_DXT'
[2019.11.08-08.52.51:688][  0]LogTemp: Display: Module 'AndroidTargetPlatform' loaded TargetPlatform 'Android_ETC1'
[2019.11.08-08.52.51:688][  0]LogTemp: Display: Module 'AndroidTargetPlatform' loaded TargetPlatform 'Android_ETC1a'
[2019.11.08-08.52.51:688][  0]LogTemp: Display: Module 'AndroidTargetPlatform' loaded TargetPlatform 'Android_ETC2'
[2019.11.08-08.52.51:688][  0]LogTemp: Display: Module 'AndroidTargetPlatform' loaded TargetPlatform 'Android_PVRTC'
[2019.11.08-08.52.51:688][  0]LogTemp: Display: Module 'AndroidTargetPlatform' loaded TargetPlatform 'AndroidClient'
[2019.11.08-08.52.51:688][  0]LogTemp: Display: Module 'AndroidTargetPlatform' loaded TargetPlatform 'Android_ASTCClient'
[2019.11.08-08.52.51:688][  0]LogTemp: Display: Module 'AndroidTargetPlatform' loaded TargetPlatform 'Android_ATCClient'
[2019.11.08-08.52.51:688][  0]LogTemp: Display: Module 'AndroidTargetPlatform' loaded TargetPlatform 'Android_DXTClient'
[2019.11.08-08.52.51:688][  0]LogTemp: Display: Module 'AndroidTargetPlatform' loaded TargetPlatform 'Android_ETC1Client'
[2019.11.08-08.52.51:688][  0]LogTemp: Display: Module 'AndroidTargetPlatform' loaded TargetPlatform 'Android_ETC1aClient'
[2019.11.08-08.52.51:688][  0]LogTemp: Display: Module 'AndroidTargetPlatform' loaded TargetPlatform 'Android_ETC2Client'
[2019.11.08-08.52.51:688][  0]LogTemp: Display: Module 'AndroidTargetPlatform' loaded TargetPlatform 'Android_PVRTCClient'
[2019.11.08-08.52.51:688][  0]LogTemp: Display: Module 'AndroidTargetPlatform' loaded TargetPlatform 'Android_Multi'
[2019.11.08-08.52.51:688][  0]LogTemp: Display: Module 'AndroidTargetPlatform' loaded TargetPlatform 'Android_MultiClient'
[2019.11.08-08.52.51:690][  0]LogTemp: Display: Module 'HTML5TargetPlatform' loaded TargetPlatform 'HTML5'
[2019.11.08-08.52.51:706][  0]LogTemp: Display: Module 'IOSTargetPlatform' loaded TargetPlatform 'IOSClient'
[2019.11.08-08.52.51:706][  0]LogTemp: Display: Module 'IOSTargetPlatform' loaded TargetPlatform 'IOS'
[2019.11.08-08.52.51:719][  0]LogTemp: Display: Module 'TVOSTargetPlatform' loaded TargetPlatform 'TVOSClient'
[2019.11.08-08.52.51:719][  0]LogTemp: Display: Module 'TVOSTargetPlatform' loaded TargetPlatform 'TVOS'
[2019.11.08-08.52.51:725][  0]LogTemp: Display: Module 'LinuxClientTargetPlatform' loaded TargetPlatform 'LinuxClient'
[2019.11.08-08.52.51:731][  0]LogTemp: Display: Module 'LinuxNoEditorTargetPlatform' loaded TargetPlatform 'LinuxNoEditor'
[2019.11.08-08.52.51:738][  0]LogTemp: Display: Module 'LinuxServerTargetPlatform' loaded TargetPlatform 'LinuxServer'
[2019.11.08-08.52.51:745][  0]LogTemp: Display: Module 'LinuxTargetPlatform' loaded TargetPlatform 'Linux'
[2019.11.08-08.52.51:767][  0]LogTemp: Display: Module 'LuminTargetPlatform' loaded TargetPlatform 'Lumin'
[2019.11.08-08.52.51:767][  0]LogTemp: Display: Module 'LuminTargetPlatform' loaded TargetPlatform 'LuminClient'
[2019.11.08-08.52.51:767][  0]LogTargetPlatformManager: Display: Building Assets For Windows
[2019.11.08-08.52.51:776][  0]LogAudioDebug: Display: Lib vorbis DLL was dynamically loaded.
[2019.11.08-08.52.51:848][  0]LogShaderCompilers: Guid format shader working directory is 27 characters bigger than the processId version (D:/Unreal Project/FPSProject/Intermediate/Shaders/WorkingDirectory/17588/).
[2019.11.08-08.52.51:848][  0]LogShaderCompilers: Cleaned the shader compiler working directory 'C:/Users/m.desmarchelier/AppData/Local/Temp/UnrealShaderWorkingDir/A5A97C39406E78A41B486D9D06952EFF/'.
[2019.11.08-08.52.51:851][  0]LogXGEController: Cleaning working directory: C:/Users/m.desmarchelier/AppData/Local/Temp/UnrealXGEWorkingDir/
[2019.11.08-08.52.51:851][  0]LogXGEController: Cannot use XGE Controller as Incredibuild is not installed on this machine.
[2019.11.08-08.52.51:851][  0]LogShaderCompilers: Cannot use XGE Shader Compiler as Incredibuild is not installed on this machine.
[2019.11.08-08.52.51:851][  0]LogShaderCompilers: Display: Using Local Shader Compiler.
[2019.11.08-08.52.52:537][  0]LogDerivedDataCache: Display: Max Cache Size: 512 MB
[2019.11.08-08.52.52:590][  0]LogDerivedDataCache: Loaded boot cache 0.05s 74MB C:/Users/m.desmarchelier/AppData/Local/UnrealEngine/4.23/DerivedDataCache/Boot.ddc.
[2019.11.08-08.52.52:590][  0]LogDerivedDataCache: Display: Loaded Boot cache: C:/Users/m.desmarchelier/AppData/Local/UnrealEngine/4.23/DerivedDataCache/Boot.ddc
[2019.11.08-08.52.52:590][  0]LogDerivedDataCache: FDerivedDataBackendGraph:  Pak pak cache file D:/Unreal Project/FPSProject/DerivedDataCache/DDC.ddp not found, will not use a pak cache.
[2019.11.08-08.52.52:590][  0]LogDerivedDataCache: Unable to find inner node Pak for hierarchical cache Hierarchy.
[2019.11.08-08.52.52:590][  0]LogDerivedDataCache: FDerivedDataBackendGraph:  CompressedPak pak cache file D:/Unreal Project/FPSProject/DerivedDataCache/Compressed.ddp not found, will not use a pak cache.
[2019.11.08-08.52.52:590][  0]LogDerivedDataCache: Unable to find inner node CompressedPak for hierarchical cache Hierarchy.
[2019.11.08-08.52.52:601][  0]LogDerivedDataCache: Display: Pak cache opened for reading ../../../Engine/DerivedDataCache/Compressed.ddp.
[2019.11.08-08.52.52:603][  0]LogDerivedDataCache: Display: Pak cache opened for reading ../../../Enterprise/DerivedDataCache/Compressed.ddp.
[2019.11.08-08.52.52:604][  0]LogDerivedDataCache: Using Local data cache path C:/Users/m.desmarchelier/AppData/Local/UnrealEngine/Common/DerivedDataCache: Writable
[2019.11.08-08.52.52:604][  0]LogDerivedDataCache: Shared data cache path not found in *engine.ini, will not use an Shared cache.
[2019.11.08-08.52.52:604][  0]LogDerivedDataCache: Unable to find inner node Shared for hierarchical cache Hierarchy.
[2019.11.08-08.52.52:626][  0]LogMaterial: Verifying Global Shaders for PCD3D_SM5
[2019.11.08-08.52.52:628][  0]LogSlate: Using FreeType 2.6.0
[2019.11.08-08.52.52:629][  0]LogSlate: SlateFontServices - WITH_FREETYPE: 1, WITH_HARFBUZZ: 1
[2019.11.08-08.52.52:683][  0]LogAssetRegistry: FAssetRegistry took 0.0029 seconds to start up
[2019.11.08-08.52.52:986][  0]LogLinker: Warning: Failed to read package file summary, the file "D:/Unreal Project/FPSProject/Content/Maps/Scène_test_BuiltData.uasset" is too small (0 bytes, expected at least 32 bytes)
[2019.11.08-08.52.52:986][  0]LogInit: Selected Device Profile: [Windows]
[2019.11.08-08.52.53:172][  0]LogMeshReduction: Using QuadricMeshReduction for automatic static mesh reduction
[2019.11.08-08.52.53:173][  0]LogMeshReduction: Using SimplygonMeshReduction for automatic skeletal mesh reduction
[2019.11.08-08.52.53:173][  0]LogMeshReduction: Using ProxyLODMeshReduction for automatic mesh merging
[2019.11.08-08.52.53:173][  0]LogMeshReduction: No distributed automatic mesh merging module available
[2019.11.08-08.52.53:173][  0]LogMeshMerging: No distributed automatic mesh merging module available
[2019.11.08-08.52.53:185][  0]LogNetVersion: FPS_OwLike 1.0.0, NetCL: 8386587, EngineNetVer: 11, GameNetVer: 0 (Checksum: 3148573276)
[2019.11.08-08.52.53:820][  0]LogPackageLocalizationCache: Processed 19 localized package path(s) for 1 prioritized culture(s) in 0.102547 seconds
[2019.11.08-08.52.53:832][  0]LogUObjectArray: 43444 objects as part of root set at end of initial load.
[2019.11.08-08.52.53:832][  0]LogUObjectAllocator: 7548648 out of 0 bytes used by permanent object pool.
[2019.11.08-08.52.53:832][  0]LogUObjectArray: CloseDisregardForGC: 0/0 objects in disregard for GC pool
[2019.11.08-08.52.54:674][  0]LogTcpMessaging: Initializing TcpMessaging bridge
[2019.11.08-08.52.54:677][  0]LogUdpMessaging: Initializing bridge on interface 0.0.0.0:0 to multicast group 230.0.0.1:6666.
[2019.11.08-08.52.54:770][  0]SourceControl: Source control is disabled
[2019.11.08-08.52.55:350][  0]LogAndroidPermission: UAndroidPermissionCallbackProxy::GetInstance
[2019.11.08-08.52.55:587][  0]LogHoudiniEngine: Starting the Houdini Engine module.
[2019.11.08-08.52.55:588][  0]LogHoudiniEngine: Loaded libHAPIL.dll from Registry path C:/Program Files/Side Effects Software/Houdini 17.5.391/bin
[2019.11.08-08.52.55:589][  0]LogLinker: Warning: Asset '../../Plugins/Runtime/HoudiniEngine/Content/houdini_logo.uasset' has been saved with empty engine version. The asset will be loaded but may be incompatible.
[2019.11.08-08.52.55:592][  0]LogLinker: Warning: Asset '../../Plugins/Runtime/HoudiniEngine/Content/houdini_default_material.uasset' has been saved with empty engine version. The asset will be loaded but may be incompatible.
[2019.11.08-08.52.55:602][  0]LogLinker: Warning: Asset '../../Plugins/Runtime/HoudiniEngine/Content/houdini_bgeo_import.uasset' has been saved with empty engine version. The asset will be loaded but may be incompatible.
[2019.11.08-08.52.55:608][  0]LogOcInput: OculusInput pre-init called
[2019.11.08-08.52.55:616][  0]LogWindows: Failed to load 'OVRPlugin.dll' (GetLastError=126)
[2019.11.08-08.52.55:616][  0]LogWindows: File 'OVRPlugin.dll' does not exist
[2019.11.08-08.52.57:946][  0]LogEngine: Initializing Engine...
[2019.11.08-08.52.57:946][  0]LogHMD: Failed to initialize OpenVR with code 110
[2019.11.08-08.52.57:947][  0]LogStats: UGameplayTagsManager::InitializeManager -  0.000 s
[2019.11.08-08.52.58:172][  0]LogInit: Initializing FReadOnlyCVARCache
[2019.11.08-08.52.58:187][  0]LogAIModule: Creating AISystem for world Untitled
[2019.11.08-08.52.58:213][  0]LogInit: XAudio2 using 'Speakers (Realtek High Definition Audio)' : 2 channels at 48 kHz using 32 bits per sample (channel mask 0x3)
[2019.11.08-08.52.58:267][  0]LogInit: FAudioDevice initialized.
[2019.11.08-08.52.58:268][  0]LogNetVersion: Set ProjectVersion to 1.0.0.0. Version Checksum will be recalculated on next use.
[2019.11.08-08.52.58:347][  0]LogDerivedDataCache: Saved boot cache 0.08s 74MB C:/Users/m.desmarchelier/AppData/Local/UnrealEngine/4.23/DerivedDataCache/Boot.ddc.
[2019.11.08-08.52.58:370][  0]LogInit: Texture streaming: Enabled
[2019.11.08-08.52.58:397][  0]LogEngineSessionManager: EngineSessionManager initialized
[2019.11.08-08.52.58:397][  0]LogEditorSessionSummary: Verbose: Initializing EditorSessionSummaryWriter for editor session tracking
[2019.11.08-08.52.58:398][  0]LogEditorSessionSummary: EditorSessionSummaryWriter initialized
[2019.11.08-08.52.58:454][  0]LogInit: Transaction tracking system initialized
[2019.11.08-08.52.58:485][  0]BlueprintLog: New page: Editor Load
[2019.11.08-08.52.58:563][  0]LocalizationService: Localization service is disabled
[2019.11.08-08.52.58:797][  0]LogFileCache: Scanning file cache for directory 'D:/Unreal Project/FPSProject/Content/' took 0.00s
[2019.11.08-08.52.58:797][  0]LogCook: Display: Max memory allowance for cook 16384mb min free memory 0mb
[2019.11.08-08.52.58:797][  0]LogCook: Display: Mobile HDR setting 1
[2019.11.08-08.52.58:882][  0]LogHoudiniEngineEditor: Starting the Houdini Engine Editor module.
[2019.11.08-08.52.58:883][  0]LogHoudiniEngineEditor: Houdini Engine Editor module startup complete.
[2019.11.08-08.53.00:208][  0]Cmd: MAP LOAD FILE="../../../Engine/Content/Maps/Templates/Template_Default.umap" TEMPLATE=1 SHOWPROGRESS=1 FEATURELEVEL=3
[2019.11.08-08.53.00:208][  0]LightingResults: New page: Lighting Build
[2019.11.08-08.53.00:211][  0]LogWorld: UWorld::CleanupWorld for Untitled, bSessionEnded=true, bCleanupResources=true
[2019.11.08-08.53.00:211][  0]MapCheck: New page: Map Check
[2019.11.08-08.53.00:211][  0]LightingResults: New page: Lighting Build
[2019.11.08-08.53.00:239][  0]LogUObjectHash: Compacting FUObjectHashTables data took   1.78ms
[2019.11.08-08.53.00:310][  0]LogAIModule: Creating AISystem for world Untitled_1
[2019.11.08-08.53.00:313][  0]LogEditorServer: Finished looking for orphan Actors (0.000 secs)
[2019.11.08-08.53.00:343][  0]LogUObjectHash: Compacting FUObjectHashTables data took   2.13ms
[2019.11.08-08.53.00:343][  0]Cmd: MAP CHECKDEP NOCLEARLOG
[2019.11.08-08.53.00:343][  0]MapCheck: Map check complete: 0 Error(s), 0 Warning(s), took 0,101ms to complete.
[2019.11.08-08.53.00:344][  0]LogFileHelpers: Loading map 'Template_Default' took 0.135
[2019.11.08-08.53.00:451][  0]LogCollectionManager: Loaded 0 collections in 0.005335 seconds
[2019.11.08-08.53.00:462][  0]LogFileCache: Scanning file cache for directory 'D:/Unreal Project/FPSProject/Saved/Collections/' took 0.00s
[2019.11.08-08.53.00:462][  0]LogFileCache: Scanning file cache for directory 'D:/Unreal Project/FPSProject/Content/Developers/mdesmarchelier/Collections/' took 0.00s
[2019.11.08-08.53.00:462][  0]LogFileCache: Scanning file cache for directory 'D:/Unreal Project/FPSProject/Content/Collections/' took 0.00s
[2019.11.08-08.53.00:462][  0]LogCollectionManager: Rebuilt the GUID cache for 0 collections in 0.000002 seconds
[2019.11.08-08.53.00:477][  0]LogContentBrowser: Native class hierarchy populated in 0.0148 seconds. Added 3082 classes and 772 folders.
[2019.11.08-08.53.00:490][  0]LogContentBrowser: Native class hierarchy updated for 'WidgetCarousel' in 0.0003 seconds. Added 0 classes and 0 folders.
[2019.11.08-08.53.00:530][  0]LogContentBrowser: Native class hierarchy updated for 'AddContentDialog' in 0.0002 seconds. Added 0 classes and 0 folders.
[2019.11.08-08.53.00:549][  0]LogSlate: Updating window title bar state: overlay mode, drag disabled, window buttons hidden, title bar hidden
[2019.11.08-08.53.00:557][  0]LogSlate: Updating window title bar state: overlay mode, drag disabled, window buttons hidden, title bar hidden
[2019.11.08-08.53.00:566][  0]LogSlate: Updating window title bar state: overlay mode, drag disabled, window buttons hidden, title bar hidden
[2019.11.08-08.53.00:576][  0]LogSlate: Updating window title bar state: overlay mode, drag disabled, window buttons hidden, title bar hidden
[2019.11.08-08.53.00:581][  0]LogContentBrowser: Native class hierarchy updated for 'SceneOutliner' in 0.0003 seconds. Added 1 classes and 0 folders.
[2019.11.08-08.53.00:652][  0]LogSlate: Took 0.000210 seconds to synchronously load lazily loaded font '../../../Engine/Content/Slate/Fonts/Roboto-Regular.ttf' (155K)
[2019.11.08-08.53.00:655][  0]LogSlate: Took 0.000164 seconds to synchronously load lazily loaded font '../../../Engine/Content/Slate/Fonts/Roboto-Bold.ttf' (160K)
[2019.11.08-08.53.00:656][  0]LogSlate: Took 0.000143 seconds to synchronously load lazily loaded font '../../../Engine/Content/Editor/Slate/Fonts/FontAwesome.ttf' (139K)
[2019.11.08-08.53.00:731][  0]LogRenderer: Reallocating scene render targets to support 1060x924 Format 10 NumSamples 1 (Frame:1).
[2019.11.08-08.53.00:818][  0]LogContentBrowser: Native class hierarchy updated for 'HierarchicalLODOutliner' in 0.0002 seconds. Added 0 classes and 0 folders.
[2019.11.08-08.53.00:818][  0]LogLoad: (Engine Initialization) Total time: 11.48 seconds
[2019.11.08-08.53.00:818][  0]LogLoad: (Engine Initialization) Total Blueprint compile time: 0.00 seconds
[2019.11.08-08.53.00:864][  0]LogAssetRegistry: Asset discovery search completed in 8.1824 seconds
[2019.11.08-08.53.00:867][  0]LogCollectionManager: Rebuilt the object cache for 0 collections in 0.000004 seconds (found 0 objects)
[2019.11.08-08.53.00:867][  0]LogCollectionManager: Fixed up redirectors for 0 collections in 0.000055 seconds (updated 0 objects)
[2019.11.08-08.53.00:868][  0]LogContentStreaming: Texture pool size now 1000 MB
[2019.11.08-08.53.00:881][  0]LogSlate: Took 0.000207 seconds to synchronously load lazily loaded font '../../../Engine/Content/Slate/Fonts/Roboto-Light.ttf' (167K)
[2019.11.08-08.53.00:887][  0]LogSlate: Took 0.000105 seconds to synchronously load lazily loaded font '../../../Engine/Content/Slate/Fonts/Roboto-Light.ttf' (167K)
[2019.11.08-08.53.08:403][ 46]LogSlate: FSceneViewport::OnFocusLost() reason 0
[2019.11.08-08.53.45:054][409]SourceControl: fatal: /Temp: '/Temp' is outside repository
[2019.11.08-08.53.54:629][409]LogSlate: Window 'Save Level As' being destroyed
[2019.11.08-08.53.54:693][409]LogUObjectHash: Compacting FUObjectHashTables data took   1.91ms
[2019.11.08-08.53.54:695][409]Cmd: OBJ SAVEPACKAGE PACKAGE="/Game/Maps/Map_Mathieu" FILE="D:/Unreal Project/FPSProject/Content/Maps/Map_Mathieu.umap" SILENT=true AUTOSAVING=false KEEPDIRTY=false
[2019.11.08-08.53.54:724][409]LogUObjectHash: Compacting FUObjectHashTables data took   1.32ms
[2019.11.08-08.53.54:836][409]LogSavePackage: Moving 'D:/Unreal Project/FPSProject/Saved/Map_MathieuC2D2147140B002848BE5DB95B527DF21.tmp' to 'D:/Unreal Project/FPSProject/Content/Maps/Map_Mathieu.umap'
[2019.11.08-08.53.55:137][409]Cmd: OBJ SAVEPACKAGE PACKAGE="/Game/Maps/Map_Mathieu_BuiltData" FILE="D:/Unreal Project/FPSProject/Content/Maps/Map_Mathieu_BuiltData.uasset" SILENT=true
[2019.11.08-08.53.55:151][409]LogSavePackage: Moving 'D:/Unreal Project/FPSProject/Saved/Map_Mathieu_BuiltDataC68C76C8473E7994A72883A604415E05.tmp' to 'D:/Unreal Project/FPSProject/Content/Maps/Map_Mathieu_BuiltData.uasset'
[2019.11.08-08.53.55:377][409]LogFileHelpers: Saving map 'Map_Mathieu' took 0.739
[2019.11.08-08.53.55:502][422]SourceControl: fatal: /Temp: '/Temp' is outside repository
[2019.11.08-08.53.58:178][740]LogUObjectHash: Compacting FUObjectHashTables data took   1.98ms
[2019.11.08-08.53.58:238][740]LogSlate: Window 'FPS_OwLike - Unreal Editor' being destroyed
[2019.11.08-08.53.58:239][740]LogWindowsTextInputMethodSystem: Display: IME system now deactivated.
[2019.11.08-08.53.58:350][741]Cmd: QUIT_EDITOR
[2019.11.08-08.53.58:380][741]LogExit: Preparing to exit.
[2019.11.08-08.53.58:734][741]LogDemo: Cleaned up 0 splitscreen connections with owner deletion
[2019.11.08-08.53.58:741][741]LogWorld: UWorld::CleanupWorld for None, bSessionEnded=true, bCleanupResources=true
[2019.11.08-08.53.58:741][741]LogExit: Editor shut down
[2019.11.08-08.53.58:741][741]LogExit: Transaction tracking system shut down
[2019.11.08-08.53.58:955][741]LogExit: Object subsystem successfully closed.
[2019.11.08-08.53.58:979][741]LogShaderCompilers: Display: Shaders left to compile 0
[2019.11.08-08.53.59:006][741]LogModuleManager: Shutting down and abandoning module HierarchicalLODOutliner (734)
[2019.11.08-08.53.59:006][741]LogModuleManager: Shutting down and abandoning module SceneOutliner (732)
[2019.11.08-08.53.59:006][741]LogModuleManager: Shutting down and abandoning module AddContentDialog (730)
[2019.11.08-08.53.59:006][741]LogModuleManager: Shutting down and abandoning module WidgetCarousel (729)
[2019.11.08-08.53.59:006][741]LogModuleManager: Shutting down and abandoning module EditorWidgets (726)
[2019.11.08-08.53.59:006][741]LogModuleManager: Shutting down and abandoning module CollectionManager (724)
[2019.11.08-08.53.59:006][741]LogModuleManager: Shutting down and abandoning module HierarchicalLODUtilities (722)
[2019.11.08-08.53.59:006][741]LogModuleManager: Shutting down and abandoning module StatsViewer (720)
[2019.11.08-08.53.59:006][741]LogModuleManager: Shutting down and abandoning module VirtualTexturingEditor (718)
[2019.11.08-08.53.59:006][741]LogModuleManager: Shutting down and abandoning module FoliageEdit (716)
[2019.11.08-08.53.59:006][741]LogModuleManager: Shutting down and abandoning module LandscapeEditor (714)
[2019.11.08-08.53.59:006][741]LogModuleManager: Shutting down and abandoning module MeshPaintMode (712)
[2019.11.08-08.53.59:007][741]LogModuleManager: Shutting down and abandoning module SceneDepthPickerMode (710)
[2019.11.08-08.53.59:007][741]LogModuleManager: Shutting down and abandoning module ActorPickerMode (708)
[2019.11.08-08.53.59:007][741]LogModuleManager: Shutting down and abandoning module GeometryMode (706)
[2019.11.08-08.53.59:007][741]LogModuleManager: Shutting down and abandoning module TextureAlignMode (704)
[2019.11.08-08.53.59:007][741]LogModuleManager: Shutting down and abandoning module BspMode (702)
[2019.11.08-08.53.59:007][741]LogModuleManager: Shutting down and abandoning module PIEPreviewDeviceProfileSelector (700)
[2019.11.08-08.53.59:007][741]LogModuleManager: Shutting down and abandoning module SequenceRecorderSections (698)
[2019.11.08-08.53.59:007][741]LogModuleManager: Shutting down and abandoning module AutomationWorker (696)
[2019.11.08-08.53.59:007][741]LogModuleManager: Shutting down and abandoning module DatasmithFBXImporter (694)
[2019.11.08-08.53.59:007][741]LogModuleManager: Shutting down and abandoning module DatasmithDeltaGenImporter (692)
[2019.11.08-08.53.59:007][741]LogModuleManager: Shutting down and abandoning module DatasmithVREDImporter (690)
[2019.11.08-08.53.59:007][741]LogModuleManager: Shutting down and abandoning module OculusMR (688)
[2019.11.08-08.53.59:007][741]LogModuleManager: Shutting down and abandoning module HoudiniEngineEditor (686)
[2019.11.08-08.53.59:007][741]LogHoudiniEngineEditor: Shutting down the Houdini Engine Editor module.
[2019.11.08-08.53.59:007][741]LogHoudiniEngineEditor: Houdini Engine Editor module shutdown complete.
[2019.11.08-08.53.59:007][741]LogModuleManager: Shutting down and abandoning module AudioCaptureEditor (684)
[2019.11.08-08.53.59:007][741]LogModuleManager: Shutting down and abandoning module MatineeToLevelSequence (682)
[2019.11.08-08.53.59:007][741]LogModuleManager: Shutting down and abandoning module LevelSequenceEditor (680)
[2019.11.08-08.53.59:007][741]LogModuleManager: Shutting down and abandoning module PlacementMode (679)
[2019.11.08-08.53.59:007][741]LogModuleManager: Shutting down and abandoning module MaterialEditor (678)
[2019.11.08-08.53.59:007][741]LogModuleManager: Shutting down and abandoning module ActorSequenceEditor (674)
[2019.11.08-08.53.59:007][741]LogModuleManager: Shutting down and abandoning module WmfMediaFactory (672)
[2019.11.08-08.53.59:007][741]LogModuleManager: Shutting down and abandoning module WmfMediaEditor (670)
[2019.11.08-08.53.59:007][741]LogModuleManager: Shutting down and abandoning module WebMMediaFactory (668)
[2019.11.08-08.53.59:007][741]LogModuleManager: Shutting down and abandoning module WebMMediaEditor (666)
[2019.11.08-08.53.59:007][741]LogModuleManager: Shutting down and abandoning module WebMMedia (664)
[2019.11.08-08.53.59:007][741]LogModuleManager: Shutting down and abandoning module MediaPlayerEditor (662)
[2019.11.08-08.53.59:007][741]LogModuleManager: Shutting down and abandoning module MediaCompositingEditor (660)
[2019.11.08-08.53.59:007][741]LogModuleManager: Shutting down and abandoning module SequenceRecorder (659)
[2019.11.08-08.53.59:007][741]LogModuleManager: Shutting down and abandoning module OpenExrWrapper (656)
[2019.11.08-08.53.59:007][741]LogModuleManager: Shutting down and abandoning module ImgMediaFactory (654)
[2019.11.08-08.53.59:007][741]LogModuleManager: Shutting down and abandoning module ImgMediaEditor (652)
[2019.11.08-08.53.59:007][741]LogModuleManager: Shutting down and abandoning module AvfMediaFactory (650)
[2019.11.08-08.53.59:007][741]LogModuleManager: Shutting down and abandoning module AvfMediaEditor (648)
[2019.11.08-08.53.59:007][741]LogModuleManager: Shutting down and abandoning module AndroidMediaFactory (646)
[2019.11.08-08.53.59:007][741]LogModuleManager: Shutting down and abandoning module AndroidMediaEditor (644)
[2019.11.08-08.53.59:007][741]LogModuleManager: Shutting down and abandoning module MagicLeapCameraPreviewFactory (642)
[2019.11.08-08.53.59:007][741]LogModuleManager: Shutting down and abandoning module MagicLeapMediaCodecFactory (640)
[2019.11.08-08.53.59:007][741]LogModuleManager: Shutting down and abandoning module MagicLeapMediaFactory (638)
[2019.11.08-08.53.59:007][741]LogModuleManager: Shutting down and abandoning module MagicLeapMediaEditor (636)
[2019.11.08-08.53.59:007][741]LogModuleManager: Shutting down and abandoning module CharacterAI (634)
[2019.11.08-08.53.59:007][741]LogModuleManager: Shutting down and abandoning module SmartSnapping (632)
[2019.11.08-08.53.59:007][741]LogModuleManager: Shutting down and abandoning module SessionServices (630)
[2019.11.08-08.53.59:007][741]LogModuleManager: Shutting down and abandoning module MeshPaint (628)
[2019.11.08-08.53.59:007][741]LogModuleManager: Shutting down and abandoning module ViewportSnapping (626)
[2019.11.08-08.53.59:007][741]LogModuleManager: Shutting down and abandoning module ViewportInteraction (624)
[2019.11.08-08.53.59:007][741]LogModuleManager: Shutting down and abandoning module ClothPainter (622)
[2019.11.08-08.53.59:007][741]LogModuleManager: Shutting down and abandoning module SkeletalMeshEditor (621)
[2019.11.08-08.53.59:007][741]LogModuleManager: Shutting down and abandoning module LogVisualizer (618)
[2019.11.08-08.53.59:007][741]LogModuleManager: Shutting down and abandoning module IntroTutorials (616)
[2019.11.08-08.53.59:008][741]LogModuleManager: Shutting down and abandoning module GameProjectGeneration (615)
[2019.11.08-08.53.59:008][741]LogModuleManager: Shutting down and abandoning module LuminPlatformEditor (612)
[2019.11.08-08.53.59:008][741]LogModuleManager: Shutting down and abandoning module IOSPlatformEditor (610)
[2019.11.08-08.53.59:008][741]LogModuleManager: Shutting down and abandoning module HTML5PlatformEditor (608)
[2019.11.08-08.53.59:008][741]LogModuleManager: Shutting down and abandoning module AndroidPlatformEditor (606)
[2019.11.08-08.53.59:008][741]LogModuleManager: Shutting down and abandoning module AndroidDeviceDetection (605)
[2019.11.08-08.53.59:638][741]LogModuleManager: Shutting down and abandoning module WindowsPlatformEditor (602)
[2019.11.08-08.53.59:638][741]LogModuleManager: Shutting down and abandoning module LuminRuntimeSettings (600)
[2019.11.08-08.53.59:638][741]LogModuleManager: Shutting down and abandoning module IOSRuntimeSettings (598)
[2019.11.08-08.53.59:638][741]LogModuleManager: Shutting down and abandoning module AndroidRuntimeSettings (596)
[2019.11.08-08.53.59:638][741]LogModuleManager: Shutting down and abandoning module TimeManagementEditor (594)
[2019.11.08-08.53.59:638][741]LogModuleManager: Shutting down and abandoning module InputBindingEditor (592)
[2019.11.08-08.53.59:638][741]LogModuleManager: Shutting down and abandoning module MergeActors (590)
[2019.11.08-08.53.59:638][741]LogModuleManager: Shutting down and abandoning module LocalizationDashboard (588)
[2019.11.08-08.53.59:638][741]LogModuleManager: Shutting down and abandoning module LocalizationService (587)
[2019.11.08-08.53.59:638][741]LogModuleManager: Shutting down and abandoning module HardwareTargeting (584)
[2019.11.08-08.53.59:639][741]LogModuleManager: Shutting down and abandoning module DeviceProfileEditor (582)
[2019.11.08-08.53.59:639][741]LogModuleManager: Shutting down and abandoning module UndoHistory (580)
[2019.11.08-08.53.59:639][741]LogModuleManager: Shutting down and abandoning module XmlParser (578)
[2019.11.08-08.53.59:639][741]LogModuleManager: Shutting down and abandoning module Blutility (576)
[2019.11.08-08.53.59:639][741]LogModuleManager: Shutting down and abandoning module ProjectSettingsViewer (574)
[2019.11.08-08.53.59:639][741]LogModuleManager: Shutting down and abandoning module ProjectTargetPlatformEditor (573)
[2019.11.08-08.53.59:639][741]LogModuleManager: Shutting down and abandoning module EditorSettingsViewer (570)
[2019.11.08-08.53.59:639][741]LogModuleManager: Shutting down and abandoning module SettingsEditor (568)
[2019.11.08-08.53.59:639][741]LogModuleManager: Shutting down and abandoning module ProjectLauncher (566)
[2019.11.08-08.53.59:639][741]LogModuleManager: Shutting down and abandoning module SessionFrontend (564)
[2019.11.08-08.53.59:639][741]LogModuleManager: Shutting down and abandoning module ProfilerClient (562)
[2019.11.08-08.53.59:639][741]LogModuleManager: Shutting down and abandoning module DeviceManager (560)
[2019.11.08-08.53.59:639][741]LogModuleManager: Shutting down and abandoning module TargetDeviceServices (559)
[2019.11.08-08.53.59:684][741]LogModuleManager: Shutting down and abandoning module AutomationController (556)
[2019.11.08-08.53.59:684][741]LogModuleManager: Shutting down and abandoning module AutomationWindow (554)
[2019.11.08-08.53.59:684][741]LogModuleManager: Shutting down and abandoning module Layers (552)
[2019.11.08-08.53.59:684][741]LogModuleManager: Shutting down and abandoning module ComponentVisualizers (550)
[2019.11.08-08.53.59:684][741]LogModuleManager: Shutting down and abandoning module DetailCustomizations (548)
[2019.11.08-08.53.59:684][741]LogModuleManager: Shutting down and abandoning module PackagesDialog (546)
[2019.11.08-08.53.59:684][741]LogModuleManager: Shutting down and abandoning module AnimationBlueprintEditor (544)
[2019.11.08-08.53.59:684][741]LogModuleManager: Shutting down and abandoning module Persona (542)
[2019.11.08-08.53.59:684][741]LogModuleManager: Shutting down and abandoning module AnimGraph (541)
[2019.11.08-08.53.59:684][741]LogModuleManager: Shutting down and abandoning module Kismet (538)
[2019.11.08-08.53.59:685][741]LogModuleManager: Shutting down and abandoning module KismetWidgets (537)
[2019.11.08-08.53.59:685][741]LogModuleManager: Shutting down and abandoning module GraphEditor (534)
[2019.11.08-08.53.59:685][741]LogModuleManager: Shutting down and abandoning module StructViewer (532)
[2019.11.08-08.53.59:685][741]LogModuleManager: Shutting down and abandoning module ClassViewer (530)
[2019.11.08-08.53.59:685][741]LogModuleManager: Shutting down and abandoning module Toolbox (528)
[2019.11.08-08.53.59:685][741]LogModuleManager: Shutting down and abandoning module ModuleUI (526)
[2019.11.08-08.53.59:685][741]LogModuleManager: Shutting down and abandoning module MovieSceneTools (524)
[2019.11.08-08.53.59:685][741]LogModuleManager: Shutting down and abandoning module OutputLog (522)
[2019.11.08-08.53.59:686][741]LogModuleManager: Shutting down and abandoning module GammaUI (520)
[2019.11.08-08.53.59:686][741]LogModuleManager: Shutting down and abandoning module Documentation (518)
[2019.11.08-08.53.59:686][741]LogModuleManager: Shutting down and abandoning module LiveCoding (516)
[2019.11.08-08.53.59:686][741]LogModuleManager: Shutting down and abandoning module LevelSequence (514)
[2019.11.08-08.53.59:686][741]LogModuleManager: Shutting down and abandoning module MovieSceneTracks (512)
[2019.11.08-08.53.59:686][741]LogModuleManager: Shutting down and abandoning module MovieScene (510)
[2019.11.08-08.53.59:686][741]LogModuleManager: Shutting down and abandoning module StreamingPauseRendering (508)
[2019.11.08-08.53.59:686][741]LogModuleManager: Shutting down and abandoning module LauncherPlatform (506)
[2019.11.08-08.53.59:686][741]LogModuleManager: Shutting down and abandoning module AnalyticsET (504)
[2019.11.08-08.53.59:686][741]LogModuleManager: Shutting down and abandoning module PortalServices (502)
[2019.11.08-08.53.59:686][741]LogModuleManager: Shutting down and abandoning module PortalRpc (500)
[2019.11.08-08.53.59:686][741]LogModuleManager: Shutting down and abandoning module MessagingRpc (498)
[2019.11.08-08.53.59:686][741]LogModuleManager: Shutting down and abandoning module AIModule (496)
[2019.11.08-08.53.59:686][741]LogModuleManager: Shutting down and abandoning module GameplayDebugger (495)
[2019.11.08-08.53.59:686][741]LogModuleManager: Shutting down and abandoning module AITestSuite (493)
[2019.11.08-08.53.59:687][741]LogModuleManager: Shutting down and abandoning module NavigationSystem (491)
[2019.11.08-08.53.59:687][741]LogModuleManager: Shutting down and abandoning module DesktopPlatform (488)
[2019.11.08-08.53.59:687][741]LogModuleManager: Shutting down and abandoning module ImageWriteQueue (486)
[2019.11.08-08.53.59:692][741]LogModuleManager: Shutting down and abandoning module ProfilerService (484)
[2019.11.08-08.53.59:821][741]LogModuleManager: Shutting down and abandoning module TaskGraph (482)
[2019.11.08-08.53.59:821][741]LogModuleManager: Shutting down and abandoning module DatasmithCADTranslator (480)
[2019.11.08-08.53.59:821][741]LogModuleManager: Shutting down and abandoning module DatasmithC4DImporter (478)
[2019.11.08-08.53.59:821][741]LogModuleManager: Shutting down and abandoning module VariantManager (476)
[2019.11.08-08.53.59:821][741]LogModuleManager: Shutting down and abandoning module StaticMeshEditorExtension (474)
[2019.11.08-08.53.59:821][741]LogModuleManager: Shutting down and abandoning module MeshProcessingLibrary (473)
[2019.11.08-08.53.59:821][741]LogModuleManager: Shutting down and abandoning module MDLImporter (470)
[2019.11.08-08.53.59:821][741]LogModuleManager: Shutting down and abandoning module DatasmithCoreTechExtension (468)
[2019.11.08-08.53.59:821][741]LogModuleManager: Shutting down and abandoning module StaticMeshEditor (467)
[2019.11.08-08.53.59:821][741]LogModuleManager: Shutting down and abandoning module AdvancedPreviewScene (466)
[2019.11.08-08.53.59:821][741]LogModuleManager: Shutting down and abandoning module DatasmithOpenNurbsTranslator (462)
[2019.11.08-08.53.59:821][741]LogModuleManager: Shutting down and abandoning module DatasmithNativeTranslator (460)
[2019.11.08-08.53.59:821][741]LogModuleManager: Shutting down and abandoning module DatasmithIFCImporter (458)
[2019.11.08-08.53.59:821][741]LogModuleManager: Shutting down and abandoning module DatasmithGLTFImporter (456)
[2019.11.08-08.53.59:821][741]LogModuleManager: Shutting down and abandoning module DatasmithImporter (455)
[2019.11.08-08.53.59:822][741]LogModuleManager: Shutting down and abandoning module ScreenshotTools (452)
[2019.11.08-08.53.59:822][741]LogModuleManager: Shutting down and abandoning module SteamVRController (450)
[2019.11.08-08.53.59:822][741]LogModuleManager: Shutting down and abandoning module ProceduralMeshComponentEditor (448)
[2019.11.08-08.53.59:822][741]LogModuleManager: Shutting down and abandoning module ProceduralMeshComponent (446)
[2019.11.08-08.53.59:822][741]LogModuleManager: Shutting down and abandoning module OculusEditor (444)
[2019.11.08-08.53.59:822][741]LogModuleManager: Shutting down and abandoning module OculusInput (442)
[2019.11.08-08.53.59:822][741]LogModuleManager: Shutting down and abandoning module MobilePatchingUtils (440)
[2019.11.08-08.53.59:822][741]LogModuleManager: Shutting down and abandoning module HoudiniEngineRuntime (438)
[2019.11.08-08.53.59:822][741]LogHoudiniEngine: Shutting down the Houdini Engine module.
[2019.11.08-08.53.59:823][741]LogModuleManager: Shutting down and abandoning module EditableMesh (436)
[2019.11.08-08.53.59:823][741]LogModuleManager: Shutting down and abandoning module CustomMeshComponent (434)
[2019.11.08-08.53.59:823][741]LogModuleManager: Shutting down and abandoning module CableComponent (432)
[2019.11.08-08.53.59:823][741]LogModuleManager: Shutting down and abandoning module AudioCapture (430)
[2019.11.08-08.53.59:823][741]LogModuleManager: Shutting down and abandoning module ArchVisCharacter (428)
[2019.11.08-08.53.59:823][741]LogModuleManager: Shutting down and abandoning module AppleImageUtilsBlueprintSupport (426)
[2019.11.08-08.53.59:823][741]LogModuleManager: Shutting down and abandoning module AppleImageUtils (424)
[2019.11.08-08.53.59:823][741]LogModuleManager: Shutting down and abandoning module AndroidPermission (422)
[2019.11.08-08.53.59:823][741]LogModuleManager: Shutting down and abandoning module NUTUnrealEngine4 (420)
[2019.11.08-08.53.59:823][741]LogModuleManager: Shutting down and abandoning module NetcodeUnitTest (418)
[2019.11.08-08.53.59:823][741]LogModuleManager: Shutting down and abandoning module MediaCompositing (416)
[2019.11.08-08.53.59:823][741]LogModuleManager: Shutting down and abandoning module ImgMedia (414)
[2019.11.08-08.53.59:823][741]LogModuleManager: Shutting down and abandoning module MagicLeapHelperVulkan (412)
[2019.11.08-08.53.59:823][741]LogModuleManager: Shutting down and abandoning module MagicLeapHelperOpenGL (410)
[2019.11.08-08.53.59:823][741]LogModuleManager: Shutting down and abandoning module MagicLeapAudio (408)
[2019.11.08-08.53.59:823][741]LogModuleManager: Shutting down and abandoning module HTML5Networking (406)
[2019.11.08-08.53.59:823][741]LogModuleManager: Shutting down and abandoning module GeometryCollectionTracks (404)
[2019.11.08-08.53.59:823][741]LogModuleManager: Shutting down and abandoning module GeometryCollectionSequencer (403)
[2019.11.08-08.53.59:823][741]LogModuleManager: Shutting down and abandoning module GeometryCollectionEditor (400)
[2019.11.08-08.53.59:823][741]LogModuleManager: Shutting down and abandoning module GeometryCollectionExampleCore (398)
[2019.11.08-08.53.59:823][741]LogModuleManager: Shutting down and abandoning module GeometryCacheTracks (396)
[2019.11.08-08.53.59:824][741]LogModuleManager: Shutting down and abandoning module GeometryCacheSequencer (394)
[2019.11.08-08.53.59:824][741]LogModuleManager: Shutting down and abandoning module DataprepLibraries (392)
[2019.11.08-08.53.59:824][741]LogModuleManager: Shutting down and abandoning module DataprepCore (390)
[2019.11.08-08.53.59:824][741]LogModuleManager: Shutting down and abandoning module DataprepEditor (388)
[2019.11.08-08.53.59:824][741]LogModuleManager: Shutting down and abandoning module ChaosSolverEditor (386)
[2019.11.08-08.53.59:824][741]LogModuleManager: Shutting down and abandoning module BlastCore (384)
[2019.11.08-08.53.59:824][741]LogModuleManager: Shutting down and abandoning module BlastAuthoring (382)
[2019.11.08-08.53.59:824][741]LogModuleManager: Shutting down and abandoning module BackChannel (380)
[2019.11.08-08.53.59:824][741]LogModuleManager: Shutting down and abandoning module AutomationUtilsEditor (378)
[2019.11.08-08.53.59:824][741]LogModuleManager: Shutting down and abandoning module AutomationUtils (376)
[2019.11.08-08.53.59:824][741]LogModuleManager: Shutting down and abandoning module AlembicImporter (374)
[2019.11.08-08.53.59:824][741]LogModuleManager: Shutting down and abandoning module AlembicLibrary (373)
[2019.11.08-08.53.59:824][741]LogModuleManager: Shutting down and abandoning module GeometryCache (372)
[2019.11.08-08.53.59:824][741]LogModuleManager: Shutting down and abandoning module GeometryCacheEd (371)
[2019.11.08-08.53.59:824][741]LogModuleManager: Shutting down and abandoning module VariantManagerContent (366)
[2019.11.08-08.53.59:824][741]LogModuleManager: Shutting down and abandoning module DatasmithContentEditor (364)
[2019.11.08-08.53.59:824][741]LogModuleManager: Shutting down and abandoning module SpeedTreeImporter (362)
[2019.11.08-08.53.59:824][741]LogModuleManager: Shutting down and abandoning module PluginBrowser (360)
[2019.11.08-08.53.59:824][741]LogModuleManager: Shutting down and abandoning module MobileLauncherProfileWizard (358)
[2019.11.08-08.53.59:824][741]LogModuleManager: Shutting down and abandoning module PolygonModeling (356)
[2019.11.08-08.53.59:824][741]LogModuleManager: Shutting down and abandoning module MeshEditor (354)
[2019.11.08-08.53.59:825][741]LogModuleManager: Shutting down and abandoning module MaterialAnalyzer (352)
[2019.11.08-08.53.59:825][741]LogModuleManager: Shutting down and abandoning module GLTFImporter (350)
[2019.11.08-08.53.59:825][741]LogModuleManager: Shutting down and abandoning module EditorScriptingUtilities (348)
[2019.11.08-08.53.59:825][741]LogModuleManager: Shutting down and abandoning module CurveEditorTools (346)
[2019.11.08-08.53.59:825][741]LogModuleManager: Shutting down and abandoning module CurveEditor (345)
[2019.11.08-08.53.59:825][741]LogModuleManager: Shutting down and abandoning module CryptoKeysOpenSSL (342)
[2019.11.08-08.53.59:825][741]LogModuleManager: Shutting down and abandoning module CryptoKeys (340)
[2019.11.08-08.53.59:825][741]LogModuleManager: Shutting down and abandoning module VisualStudioSourceCodeAccess (338)
[2019.11.08-08.53.59:825][741]LogModuleManager: Shutting down and abandoning module VisualStudioCodeSourceCodeAccess (336)
[2019.11.08-08.53.59:825][741]LogModuleManager: Shutting down and abandoning module UObjectPlugin (334)
[2019.11.08-08.53.59:825][741]LogModuleManager: Shutting down and abandoning module SubversionSourceControl (332)
[2019.11.08-08.53.59:825][741]LogModuleManager: Shutting down and abandoning module PerforceSourceControl (330)
[2019.11.08-08.53.59:825][741]LogModuleManager: Shutting down and abandoning module GitSourceControl (328)
[2019.11.08-08.53.59:825][741]LogModuleManager: Shutting down and abandoning module SourceControl (327)
[2019.11.08-08.53.59:825][741]LogModuleManager: Shutting down and abandoning module CLionSourceCodeAccess (324)
[2019.11.08-08.53.59:825][741]LogModuleManager: Shutting down and abandoning module AnimationSharingEd (322)
[2019.11.08-08.53.59:825][741]LogModuleManager: Shutting down and abandoning module ActorLayerUtilitiesEditor (320)
[2019.11.08-08.53.59:825][741]LogModuleManager: Shutting down and abandoning module ActorLayerUtilities (318)
[2019.11.08-08.53.59:825][741]LogModuleManager: Shutting down and abandoning module LightPropagationVolumeEditor (316)
[2019.11.08-08.53.59:825][741]LogModuleManager: Shutting down and abandoning module PaperTiledImporter (314)
[2019.11.08-08.53.59:825][741]LogModuleManager: Shutting down and abandoning module PaperSpriteSheetImporter (312)
[2019.11.08-08.53.59:825][741]LogModuleManager: Shutting down and abandoning module Paper2DEditor (310)
[2019.11.08-08.53.59:826][741]LogModuleManager: Shutting down and abandoning module SignificanceManager (308)
[2019.11.08-08.53.59:826][741]LogModuleManager: Shutting down and abandoning module RuntimePhysXCooking (306)
[2019.11.08-08.53.59:826][741]LogModuleManager: Shutting down and abandoning module PhysXVehiclesEditor (304)
[2019.11.08-08.53.59:826][741]LogModuleManager: Shutting down and abandoning module LocationServicesBPLibrary (300)
[2019.11.08-08.53.59:826][741]LogModuleManager: Shutting down and abandoning module ActorSequence (298)
[2019.11.08-08.53.59:826][741]LogModuleManager: Shutting down and abandoning module UdpMessaging (296)
[2019.11.08-08.53.59:927][741]LogModuleManager: Shutting down and abandoning module TcpMessaging (294)
[2019.11.08-08.54.00:028][741]LogModuleManager: Shutting down and abandoning module MagicLeapIdentity (292)
[2019.11.08-08.54.00:028][741]LogModuleManager: Shutting down and abandoning module MagicLeapSecureStorage (290)
[2019.11.08-08.54.00:028][741]LogModuleManager: Shutting down and abandoning module MagicLeapHandTracking (288)
[2019.11.08-08.54.00:028][741]LogModuleManager: Shutting down and abandoning module MagicLeapEyeTracker (286)
[2019.11.08-08.54.00:028][741]LogModuleManager: Shutting down and abandoning module MagicLeapController (284)
[2019.11.08-08.54.00:028][741]LogSlate: Slate User Destroyed.  User Index 0, Is Virtual User: 0
[2019.11.08-08.54.00:028][741]LogModuleManager: Shutting down and abandoning module MagicLeapAR (282)
[2019.11.08-08.54.00:028][741]LogModuleManager: Shutting down and abandoning module AugmentedReality (281)
[2019.11.08-08.54.00:028][741]LogModuleManager: Shutting down and abandoning module GameplayTagsEditor (278)
[2019.11.08-08.54.00:028][741]LogModuleManager: Shutting down and abandoning module FacialAnimationEditor (276)
[2019.11.08-08.54.00:028][741]LogModuleManager: Shutting down and abandoning module FacialAnimation (274)
[2019.11.08-08.54.00:028][741]LogModuleManager: Shutting down and abandoning module DataValidation (272)
[2019.11.08-08.54.00:029][741]LogModuleManager: Shutting down and abandoning module AssetManagerEditor (270)
[2019.11.08-08.54.00:029][741]LogModuleManager: Shutting down and abandoning module LevelEditor (269)
[2019.11.08-08.54.00:030][741]LogModuleManager: Shutting down and abandoning module PixelInspectorModule (268)
[2019.11.08-08.54.00:030][741]LogModuleManager: Shutting down and abandoning module CommonMenuExtensions (266)
[2019.11.08-08.54.00:030][741]LogModuleManager: Shutting down and abandoning module MainFrame (264)
[2019.11.08-08.54.00:031][741]LogModuleManager: Shutting down and abandoning module HotReload (263)
[2019.11.08-08.54.00:031][741]LogModuleManager: Shutting down and abandoning module ContentBrowser (259)
[2019.11.08-08.54.00:033][741]LogModuleManager: Shutting down and abandoning module TreeMap (257)
[2019.11.08-08.54.00:033][741]LogModuleManager: Shutting down and abandoning module AnimationSharing (254)
[2019.11.08-08.54.00:033][741]LogModuleManager: Shutting down and abandoning module LightPropagationVolumeRuntime (252)
[2019.11.08-08.54.00:033][741]LogModuleManager: Shutting down and abandoning module Paper2D (250)
[2019.11.08-08.54.00:033][741]LogModuleManager: Shutting down and abandoning module WindowsMoviePlayer (248)
[2019.11.08-08.54.00:038][741]LogModuleManager: Shutting down and abandoning module WebMMoviePlayer (246)
[2019.11.08-08.54.00:038][741]LogModuleManager: Shutting down and abandoning module NetworkReplayStreaming (244)
[2019.11.08-08.54.00:038][741]LogModuleManager: Shutting down and abandoning module PacketHandler (242)
[2019.11.08-08.54.00:038][741]LogModuleManager: Shutting down and abandoning module ClothingSystemEditor (240)
[2019.11.08-08.54.00:038][741]LogModuleManager: Shutting down and abandoning module ClothingSystemRuntime (238)
[2019.11.08-08.54.00:038][741]LogModuleManager: Shutting down and abandoning module MediaAssets (236)
[2019.11.08-08.54.00:038][741]LogModuleManager: Shutting down and abandoning module Overlay (234)
[2019.11.08-08.54.00:038][741]LogModuleManager: Shutting down and abandoning module OverlayEditor (233)
[2019.11.08-08.54.00:038][741]LogModuleManager: Shutting down and abandoning module VREditor (230)
[2019.11.08-08.54.00:038][741]LogModuleManager: Shutting down and abandoning module StringTableEditor (228)
[2019.11.08-08.54.00:038][741]LogModuleManager: Shutting down and abandoning module GameplayTasksEditor (226)
[2019.11.08-08.54.00:038][741]LogModuleManager: Shutting down and abandoning module BehaviorTreeEditor (224)
[2019.11.08-08.54.00:038][741]LogModuleManager: Shutting down and abandoning module FunctionalTesting (222)
[2019.11.08-08.54.00:038][741]LogModuleManager: Shutting down and abandoning module CollisionAnalyzer (220)
[2019.11.08-08.54.00:038][741]LogModuleManager: Shutting down and abandoning module WorkspaceMenuStructure (219)
[2019.11.08-08.54.00:039][741]LogModuleManager: Shutting down and abandoning module UMG (216)
[2019.11.08-08.54.00:039][741]LogModuleManager: Shutting down and abandoning module UMGEditor (215)
[2019.11.08-08.54.00:039][741]LogModuleManager: Shutting down and abandoning module Sequencer (214)
[2019.11.08-08.54.00:039][741]LogModuleManager: Shutting down and abandoning module MessageLog (211)
[2019.11.08-08.54.00:039][741]LogModuleManager: Shutting down and abandoning module SlateReflector (206)
[2019.11.08-08.54.00:039][741]LogModuleManager: Shutting down and abandoning module Slate (204)
[2019.11.08-08.54.00:039][741]LogModuleManager: Shutting down and abandoning module LandscapeEditorUtilities (202)
[2019.11.08-08.54.00:039][741]LogModuleManager: Shutting down and abandoning module EditorStyle (200)
[2019.11.08-08.54.00:040][741]LogModuleManager: Shutting down and abandoning module UnrealEd (198)
[2019.11.08-08.54.00:040][741]LogModuleManager: Shutting down and abandoning module MRMesh (196)
[2019.11.08-08.54.00:040][741]LogModuleManager: Shutting down and abandoning module SourceCodeAccess (194)
[2019.11.08-08.54.00:040][741]LogModuleManager: Shutting down and abandoning module HeadMountedDisplay (192)
[2019.11.08-08.54.00:040][741]LogModuleManager: Shutting down and abandoning module XAudio2 (190)
[2019.11.08-08.54.00:040][741]LogModuleManager: Shutting down and abandoning module Networking (188)
[2019.11.08-08.54.00:040][741]LogModuleManager: Shutting down and abandoning module Core (186)
[2019.11.08-08.54.00:040][741]LogModuleManager: Shutting down and abandoning module KismetCompiler (184)
[2019.11.08-08.54.00:040][741]LogModuleManager: Shutting down and abandoning module MeshUtilities (182)
[2019.11.08-08.54.00:040][741]LogModuleManager: Shutting down and abandoning module MeshMergeUtilities (181)
[2019.11.08-08.54.00:040][741]LogModuleManager: Shutting down and abandoning module MeshReductionInterface (180)
[2019.11.08-08.54.00:040][741]LogModuleManager: Shutting down and abandoning module SkeletalMeshReduction (179)
[2019.11.08-08.54.00:041][741]LogModuleManager: Shutting down and abandoning module ProxyLODMeshReduction (177)
[2019.11.08-08.54.00:041][741]LogModuleManager: Shutting down and abandoning module QuadricMeshReduction (175)
[2019.11.08-08.54.00:041][741]LogModuleManager: Shutting down and abandoning module MaterialBaking (171)
[2019.11.08-08.54.00:041][741]LogModuleManager: Shutting down and abandoning module NullInstallBundleManager (166)
[2019.11.08-08.54.00:041][741]LogModuleManager: Shutting down and abandoning module DerivedDataCache (164)
[2019.11.08-08.54.00:187][741]LogDerivedDataCache: Shutdown
[2019.11.08-08.54.00:187][741]LogModuleManager: Shutting down and abandoning module XGEController (162)
[2019.11.08-08.54.00:187][741]LogXGEController: Cleaning working directory: C:/Users/m.desmarchelier/AppData/Local/Temp/UnrealXGEWorkingDir/
[2019.11.08-08.54.00:188][741]LogModuleManager: Shutting down and abandoning module TargetPlatform (160)
[2019.11.08-08.54.00:188][741]LogModuleManager: Shutting down and abandoning module VulkanShaderFormat (159)
[2019.11.08-08.54.00:188][741]LogModuleManager: Shutting down and abandoning module ShaderFormatVectorVM (157)
[2019.11.08-08.54.00:188][741]LogModuleManager: Shutting down and abandoning module ShaderFormatOpenGL (155)
[2019.11.08-08.54.00:188][741]LogModuleManager: Shutting down and abandoning module ShaderFormatD3D (153)
[2019.11.08-08.54.00:188][741]LogModuleManager: Shutting down and abandoning module MetalShaderFormat (151)
[2019.11.08-08.54.00:188][741]LogModuleManager: Shutting down and abandoning module TextureFormatUncompressed (149)
[2019.11.08-08.54.00:188][741]LogModuleManager: Shutting down and abandoning module TextureFormatPVR (147)
[2019.11.08-08.54.00:188][741]LogModuleManager: Shutting down and abandoning module TextureFormatDXT (145)
[2019.11.08-08.54.00:188][741]LogModuleManager: Shutting down and abandoning module TextureFormatIntelISPCTexComp (143)
[2019.11.08-08.54.00:188][741]LogModuleManager: Shutting down and abandoning module TextureFormatASTC (141)
[2019.11.08-08.54.00:188][741]LogModuleManager: Shutting down and abandoning module ImageWrapper (140)
[2019.11.08-08.54.00:188][741]LogModuleManager: Shutting down and abandoning module TextureFormatAndroid (137)
[2019.11.08-08.54.00:188][741]LogModuleManager: Shutting down and abandoning module AudioFormatOpus (135)
[2019.11.08-08.54.00:188][741]LogModuleManager: Shutting down and abandoning module AudioFormatOgg (133)
[2019.11.08-08.54.00:188][741]LogModuleManager: Shutting down and abandoning module AudioFormatADPCM (131)
[2019.11.08-08.54.00:188][741]LogModuleManager: Shutting down and abandoning module LuminTargetPlatform (129)
[2019.11.08-08.54.00:190][741]LogModuleManager: Shutting down and abandoning module LinuxTargetPlatform (127)
[2019.11.08-08.54.00:190][741]LogModuleManager: Shutting down and abandoning module LinuxServerTargetPlatform (125)
[2019.11.08-08.54.00:190][741]LogModuleManager: Shutting down and abandoning module LinuxNoEditorTargetPlatform (123)
[2019.11.08-08.54.00:190][741]LogModuleManager: Shutting down and abandoning module LinuxClientTargetPlatform (121)
[2019.11.08-08.54.00:190][741]LogModuleManager: Shutting down and abandoning module TVOSTargetPlatform (119)
[2019.11.08-08.54.00:192][741]LogModuleManager: Shutting down and abandoning module Messaging (117)
[2019.11.08-08.54.00:192][741]LogModuleManager: Shutting down and abandoning module IOSTargetPlatform (115)
[2019.11.08-08.54.00:193][741]LogModuleManager: Shutting down and abandoning module HTML5TargetPlatform (113)
[2019.11.08-08.54.00:193][741]LogModuleManager: Shutting down and abandoning module AndroidTargetPlatform (111)
[2019.11.08-08.54.00:206][741]LogModuleManager: Shutting down and abandoning module WindowsTargetPlatform (109)
[2019.11.08-08.54.00:206][741]LogModuleManager: Shutting down and abandoning module WindowsServerTargetPlatform (107)
[2019.11.08-08.54.00:206][741]LogModuleManager: Shutting down and abandoning module WindowsNoEditorTargetPlatform (105)
[2019.11.08-08.54.00:206][741]LogModuleManager: Shutting down and abandoning module WindowsClientTargetPlatform (103)
[2019.11.08-08.54.00:207][741]LogModuleManager: Shutting down and abandoning module MacTargetPlatform (101)
[2019.11.08-08.54.00:207][741]LogModuleManager: Shutting down and abandoning module MacServerTargetPlatform (99)
[2019.11.08-08.54.00:207][741]LogModuleManager: Shutting down and abandoning module MacNoEditorTargetPlatform (97)
[2019.11.08-08.54.00:207][741]LogModuleManager: Shutting down and abandoning module MacClientTargetPlatform (95)
[2019.11.08-08.54.00:207][741]LogModuleManager: Shutting down and abandoning module AllDesktopTargetPlatform (93)
[2019.11.08-08.54.00:207][741]LogModuleManager: Shutting down and abandoning module InputCore (90)
[2019.11.08-08.54.00:207][741]LogModuleManager: Shutting down and abandoning module Settings (88)
[2019.11.08-08.54.00:207][741]LogModuleManager: Shutting down and abandoning module DirectoryWatcher (86)
[2019.11.08-08.54.00:207][741]LogModuleManager: Shutting down and abandoning module PhysXCooking (84)
[2019.11.08-08.54.00:207][741]LogModuleManager: Shutting down and abandoning module WindowsPlatformFeatures (82)
[2019.11.08-08.54.00:207][741]LogModuleManager: Shutting down and abandoning module GameplayMediaEncoder (81)
[2019.11.08-08.54.00:207][741]LogModuleManager: Shutting down and abandoning module SteamVR (78)
[2019.11.08-08.54.00:207][741]LogHMD: Freeing OpenVRDLLHandle.
[2019.11.08-08.54.00:207][741]LogModuleManager: Shutting down and abandoning module OculusHMD (76)
[2019.11.08-08.54.00:207][741]LogModuleManager: Shutting down and abandoning module ExampleDeviceProfileSelector (74)
[2019.11.08-08.54.00:207][741]LogModuleManager: Shutting down and abandoning module LauncherChunkInstaller (72)
[2019.11.08-08.54.00:207][741]LogModuleManager: Shutting down and abandoning module OnlineBlueprintSupport (70)
[2019.11.08-08.54.00:207][741]LogModuleManager: Shutting down and abandoning module OnlineSubsystem (66)
[2019.11.08-08.54.00:209][741]LogModuleManager: Shutting down and abandoning module XMPP (61)
[2019.11.08-08.54.00:209][741]LogModuleManager: Shutting down and abandoning module WebSockets (60)
[2019.11.08-08.54.00:216][741]LogModuleManager: Shutting down and abandoning module HTTP (57)
[2019.11.08-08.54.00:216][741]LogHttp: Display: Http module shutting down, but needs to wait on 1 outstanding Http requests:
[2019.11.08-08.54.00:216][741]LogHttp: Display: 	verb=[POST] url=[https://datarouter.ol.epicgames.com/datarouter/api/v1/public/data?SessionID=%7BECAD6884-4F81-D112-9B68-4D88CB41718A%7D&AppID=UEEditor.Rocket.Release&AppVersion=4.23.1-9631420%2B%2B%2BUE4%2BRelease-4.23&UserID=d14e9a45485475fbfae5fcaed011aa0f%7C229cf86d668543d6a14452d906021483%7C370df3c9-df3b-49ca-9394-d237505d4208&AppEnvironment=datacollector-binary&UploadType=eteventstream] status=Processing
[2019.11.08-08.54.00:226][741]LogModuleManager: Shutting down and abandoning module SSL (56)
[2019.11.08-08.54.00:228][741]LogModuleManager: Shutting down and abandoning module WmfMedia (52)
[2019.11.08-08.54.00:230][741]LogModuleManager: Shutting down and abandoning module Media (51)
[2019.11.08-08.54.00:232][741]LogModuleManager: Shutting down and abandoning module MagicLeap (48)
[2019.11.08-08.54.00:232][741]LogModuleManager: Shutting down and abandoning module DatasmithContent (46)
[2019.11.08-08.54.00:232][741]LogModuleManager: Shutting down and abandoning module AISupportModule (44)
[2019.11.08-08.54.00:232][741]LogModuleManager: Shutting down and abandoning module PlatformCryptoOpenSSL (42)
[2019.11.08-08.54.00:232][741]LogModuleManager: Shutting down and abandoning module PlatformCrypto (40)
[2019.11.08-08.54.00:232][741]LogModuleManager: Shutting down and abandoning module AnimationModifiers (38)
[2019.11.08-08.54.00:232][741]LogModuleManager: Shutting down and abandoning module PropertyEditor (37)
[2019.11.08-08.54.00:232][741]LogModuleManager: Shutting down and abandoning module AudioEditor (34)
[2019.11.08-08.54.00:233][741]LogModuleManager: Shutting down and abandoning module TextureCompressor (32)
[2019.11.08-08.54.00:233][741]LogModuleManager: Shutting down and abandoning module RenderCore (30)
[2019.11.08-08.54.00:233][741]LogModuleManager: Shutting down and abandoning module Landscape (28)
[2019.11.08-08.54.00:233][741]LogModuleManager: Shutting down and abandoning module SlateRHIRenderer (26)
[2019.11.08-08.54.00:235][741]LogModuleManager: Shutting down and abandoning module OpenGLDrv (24)
[2019.11.08-08.54.00:235][741]LogModuleManager: Shutting down and abandoning module D3D11RHI (22)
[2019.11.08-08.54.00:235][741]LogModuleManager: Shutting down and abandoning module AnimGraphRuntime (20)
[2019.11.08-08.54.00:235][741]LogModuleManager: Shutting down and abandoning module Renderer (18)
[2019.11.08-08.54.00:235][741]LogModuleManager: Shutting down and abandoning module Engine (16)
[2019.11.08-08.54.00:235][741]LogModuleManager: Shutting down and abandoning module CoreUObject (14)
[2019.11.08-08.54.00:235][741]LogModuleManager: Shutting down and abandoning module NetworkFile (12)
[2019.11.08-08.54.00:235][741]LogModuleManager: Shutting down and abandoning module CookedIterativeFile (10)
[2019.11.08-08.54.00:235][741]LogModuleManager: Shutting down and abandoning module StreamingFile (8)
[2019.11.08-08.54.00:235][741]LogModuleManager: Shutting down and abandoning module SandboxFile (6)
[2019.11.08-08.54.00:236][741]LogModuleManager: Shutting down and abandoning module PakFile (4)
[2019.11.08-08.54.00:236][741]LogModuleManager: Shutting down and abandoning module RSA (3)
[2019.11.08-08.54.00:240][741]LogD3D11RHI: Shutdown
[2019.11.08-08.54.00:240][741]LogD3D11RHI: CleanupD3DDevice
[2019.11.08-08.54.00:241][741]LogRendererCore: FGlobalDynamicReadBuffer::Cleanup()
[2019.11.08-08.54.00:241][741]LogRendererCore: FGlobalDynamicReadBuffer::Cleanup()
[2019.11.08-08.54.00:241][741]LogRendererCore: FGlobalDynamicReadBuffer::Cleanup()
[2019.11.08-08.54.00:354][741]LogD3D11RHI: ~FD3D11DynamicRHI
[2019.11.08-08.54.00:366][741]LogExit: Exiting.
[2019.11.08-08.54.00:385][741]Log file closed, 11/08/19 09:54:00
